<?xml version="1.0" encoding="UTF-8"?>
<!-- Generated by org.testng.reporters.JUnitXMLReporter -->
<testsuite hostname="FG2000122000" ignored="0" name="Default test" tests="3" failures="0" timestamp="17 Nov 2020 16:23:32 GMT" time="11.952" errors="0">
  <testcase name="getAccountBlockStatusTest" time="1.229" classname="com.qa.api.gorest.tests.GetImgurAPITest"/>
  <testcase name="getAccountImageTest" time="1.617" classname="com.qa.api.gorest.tests.GetImgurAPITest"/>
  <testcase name="uploadImagePostAPITest" time="3.463" classname="com.qa.api.gorest.tests.GetImgurAPITest"/>
</testsuite> <!-- Default test -->
