<?xml version="1.0" encoding="UTF-8"?>
<!-- Generated by org.testng.reporters.JUnitXMLReporter -->
<testsuite hostname="FG2000122000" ignored="0" name="Test" tests="14" failures="0" timestamp="27 Nov 2020 16:28:30 GMT" time="24.679" errors="0">
  <testcase name="createUserAPIPOSTTest" time="2.414" classname="com.qa.api.gorest.tests.CreateUserTest"/>
  <testcase name="createUserAPIPOSTTest" time="0.346" classname="com.qa.api.gorest.tests.CreateUserTest"/>
  <testcase name="createUserAPIPOSTTest" time="0.348" classname="com.qa.api.gorest.tests.CreateUserTest"/>
  <testcase name="createUserAPIPOSTTest" time="0.351" classname="com.qa.api.gorest.tests.CreateUserTest"/>
  <testcase name="updateUserAPIPOSTTest_withSetter" time="1.377" classname="com.qa.api.gorest.tests.UpdateUserTest"/>
  <testcase name="deleteUserTest" time="0.773" classname="com.qa.api.gorest.tests.DeleteUserTest"/>
  <testcase name="getAccountBlockStatusTest" time="1.245" classname="com.qa.api.gorest.tests.GetImgurAPITest"/>
  <testcase name="getAccountImageTest" time="0.956" classname="com.qa.api.gorest.tests.GetImgurAPITest"/>
  <testcase name="uploadImagePostAPITest" time="2.876" classname="com.qa.api.gorest.tests.GetImgurAPITest"/>
  <testcase name="getAccountBlockStatusTest" time="1.408" classname="com.qa.api.gorest.tests.GetImgurAPITest2"/>
  <testcase name="getAccountImageTest" time="1.338" classname="com.qa.api.gorest.tests.GetImgurAPITest2"/>
  <testcase name="uploadImagePostAPITest" time="3.01" classname="com.qa.api.gorest.tests.GetImgurAPITest2"/>
  <testcase name="getUserListApiTest" time="0.465" classname="com.qa.api.gorest.tests.GetUserTest"/>
  <testcase name="getUserWithQueryParamsApiTest" time="0.662" classname="com.qa.api.gorest.tests.GetUserTest"/>
</testsuite> <!-- Test -->
