<?xml version="1.0" encoding="UTF-8"?>
<!-- Generated by org.testng.reporters.JUnitXMLReporter -->
<testsuite hostname="DESKTOP-P8RTCON" ignored="0" name="Test" tests="14" failures="1" timestamp="28 Dec 2020 14:00:18 GMT" time="29.913" errors="0">
  <testcase name="createUserAPIPOSTTest" time="3.668" classname="com.qa.api.gorest.tests.CreateUserTest"/>
  <testcase name="createUserAPIPOSTTest" time="0.405" classname="com.qa.api.gorest.tests.CreateUserTest"/>
  <testcase name="createUserAPIPOSTTest" time="0.35" classname="com.qa.api.gorest.tests.CreateUserTest"/>
  <testcase name="createUserAPIPOSTTest" time="0.364" classname="com.qa.api.gorest.tests.CreateUserTest"/>
  <testcase name="updateUserAPIPOSTTest_withSetter" time="1.61" classname="com.qa.api.gorest.tests.UpdateUserTest"/>
  <testcase name="deleteUserTest" time="0.727" classname="com.qa.api.gorest.tests.DeleteUserTest"/>
  <testcase name="getAccountBlockStatusTest" time="1.391" classname="com.qa.api.gorest.tests.GetImgurAPITest"/>
  <testcase name="getAccountImageTest" time="1.215" classname="com.qa.api.gorest.tests.GetImgurAPITest"/>
  <testcase name="uploadImagePostAPITest" time="5.54" classname="com.qa.api.gorest.tests.GetImgurAPITest"/>
  <testcase name="getAccountBlockStatusTest" time="0.953" classname="com.qa.api.gorest.tests.GetImgurAPITest2"/>
  <testcase name="getAccountImageTest" time="1.071" classname="com.qa.api.gorest.tests.GetImgurAPITest2"/>
  <testcase name="uploadImagePostAPITest" time="3.904" classname="com.qa.api.gorest.tests.GetImgurAPITest2"/>
  <testcase name="getUserListApiTest" time="0.331" classname="com.qa.api.gorest.tests.GetUserTest">
    <failure type="java.lang.AssertionError" message="expected [201] but found [200]">
      <![CDATA[java.lang.AssertionError: expected [201] but found [200]
at com.qa.api.gorest.tests.GetUserTest.getUserListApiTest(GetUserTest.java:37)
... Removed 35 stack frames]]>
    </failure>
  </testcase> <!-- getUserListApiTest -->
  <testcase name="getUserWithQueryParamsApiTest" time="0.332" classname="com.qa.api.gorest.tests.GetUserTest"/>
</testsuite> <!-- Test -->
