<?xml version="1.0" encoding="UTF-8"?>
<!-- Generated by org.testng.reporters.JUnitXMLReporter -->
<testsuite hostname="DESKTOP-P8RTCON" ignored="0" name="Test" tests="14" failures="1" timestamp="21 Dec 2020 16:26:05 GMT" time="31.002" errors="0">
  <testcase name="createUserAPIPOSTTest" time="4.299" classname="com.qa.api.gorest.tests.CreateUserTest"/>
  <testcase name="createUserAPIPOSTTest" time="0.392" classname="com.qa.api.gorest.tests.CreateUserTest"/>
  <testcase name="createUserAPIPOSTTest" time="0.342" classname="com.qa.api.gorest.tests.CreateUserTest"/>
  <testcase name="createUserAPIPOSTTest" time="0.354" classname="com.qa.api.gorest.tests.CreateUserTest"/>
  <testcase name="updateUserAPIPOSTTest_withSetter" time="1.794" classname="com.qa.api.gorest.tests.UpdateUserTest"/>
  <testcase name="deleteUserTest" time="0.775" classname="com.qa.api.gorest.tests.DeleteUserTest"/>
  <testcase name="getAccountBlockStatusTest" time="1.256" classname="com.qa.api.gorest.tests.GetImgurAPITest"/>
  <testcase name="getAccountImageTest" time="1.056" classname="com.qa.api.gorest.tests.GetImgurAPITest"/>
  <testcase name="uploadImagePostAPITest" time="5.119" classname="com.qa.api.gorest.tests.GetImgurAPITest"/>
  <testcase name="getAccountBlockStatusTest" time="1.4" classname="com.qa.api.gorest.tests.GetImgurAPITest2"/>
  <testcase name="getAccountImageTest" time="1.056" classname="com.qa.api.gorest.tests.GetImgurAPITest2"/>
  <testcase name="uploadImagePostAPITest" time="4.449" classname="com.qa.api.gorest.tests.GetImgurAPITest2"/>
  <testcase name="getUserListApiTest" time="0.36" classname="com.qa.api.gorest.tests.GetUserTest">
    <failure type="java.lang.AssertionError" message="expected [201] but found [200]">
      <![CDATA[java.lang.AssertionError: expected [201] but found [200]
at com.qa.api.gorest.tests.GetUserTest.getUserListApiTest(GetUserTest.java:37)
... Removed 35 stack frames]]>
    </failure>
  </testcase> <!-- getUserListApiTest -->
  <testcase name="getUserWithQueryParamsApiTest" time="0.328" classname="com.qa.api.gorest.tests.GetUserTest"/>
</testsuite> <!-- Test -->
