<?xml version="1.0" encoding="UTF-8"?>
<testng-results skipped="0" failed="1" ignored="0" total="14" passed="13">
  <reporter-output>
  </reporter-output>
  <suite name="Suite" duration-ms="35868" started-at="2020-12-31T12:19:39Z" finished-at="2020-12-31T12:20:15Z">
    <groups>
    </groups>
    <test name="Test" duration-ms="35868" started-at="2020-12-31T12:19:39Z" finished-at="2020-12-31T12:20:15Z">
      <class name="com.qa.api.gorest.tests.UpdateUserTest">
        <test-method status="PASS" signature="updateUserAPIPOSTTest_withSetter()[pri:0, instance:com.qa.api.gorest.tests.UpdateUserTest@41477a6d]" name="updateUserAPIPOSTTest_withSetter" duration-ms="1690" started-at="2020-12-31T12:19:45Z" finished-at="2020-12-31T12:19:47Z">
          <reporter-output>
          </reporter-output>
        </test-method> <!-- updateUserAPIPOSTTest_withSetter -->
      </class> <!-- com.qa.api.gorest.tests.UpdateUserTest -->
      <class name="com.qa.api.gorest.tests.CreateUserTest">
        <test-method status="PASS" signature="createUserAPIPOSTTest(java.lang.String, java.lang.String, java.lang.String, java.lang.String)[pri:0, instance:com.qa.api.gorest.tests.CreateUserTest@66908383]" name="createUserAPIPOSTTest" duration-ms="4037" started-at="2020-12-31T12:19:40Z" data-provider="getUserData" finished-at="2020-12-31T12:19:44Z">
          <params>
            <param index="0">
              <value>
                <![CDATA[Abu4]]>
              </value>
            </param>
            <param index="1">
              <value>
                <![CDATA[abu10@gmail.com]]>
              </value>
            </param>
            <param index="2">
              <value>
                <![CDATA[Male]]>
              </value>
            </param>
            <param index="3">
              <value>
                <![CDATA[Active]]>
              </value>
            </param>
          </params>
          <reporter-output>
          </reporter-output>
        </test-method> <!-- createUserAPIPOSTTest -->
        <test-method status="PASS" signature="createUserAPIPOSTTest(java.lang.String, java.lang.String, java.lang.String, java.lang.String)[pri:0, instance:com.qa.api.gorest.tests.CreateUserTest@66908383]" name="createUserAPIPOSTTest" duration-ms="362" started-at="2020-12-31T12:19:44Z" data-provider="getUserData" finished-at="2020-12-31T12:19:45Z">
          <params>
            <param index="0">
              <value>
                <![CDATA[Pallu4]]>
              </value>
            </param>
            <param index="1">
              <value>
                <![CDATA[pallu10@gmail.com]]>
              </value>
            </param>
            <param index="2">
              <value>
                <![CDATA[Female]]>
              </value>
            </param>
            <param index="3">
              <value>
                <![CDATA[Inactive]]>
              </value>
            </param>
          </params>
          <reporter-output>
          </reporter-output>
        </test-method> <!-- createUserAPIPOSTTest -->
        <test-method status="PASS" signature="createUserAPIPOSTTest(java.lang.String, java.lang.String, java.lang.String, java.lang.String)[pri:0, instance:com.qa.api.gorest.tests.CreateUserTest@66908383]" name="createUserAPIPOSTTest" duration-ms="332" started-at="2020-12-31T12:19:45Z" data-provider="getUserData" finished-at="2020-12-31T12:19:45Z">
          <params>
            <param index="0">
              <value>
                <![CDATA[Zarina4]]>
              </value>
            </param>
            <param index="1">
              <value>
                <![CDATA[zarina10@gmail.com]]>
              </value>
            </param>
            <param index="2">
              <value>
                <![CDATA[Female]]>
              </value>
            </param>
            <param index="3">
              <value>
                <![CDATA[Active]]>
              </value>
            </param>
          </params>
          <reporter-output>
          </reporter-output>
        </test-method> <!-- createUserAPIPOSTTest -->
        <test-method status="PASS" signature="createUserAPIPOSTTest(java.lang.String, java.lang.String, java.lang.String, java.lang.String)[pri:0, instance:com.qa.api.gorest.tests.CreateUserTest@66908383]" name="createUserAPIPOSTTest" duration-ms="342" started-at="2020-12-31T12:19:45Z" data-provider="getUserData" finished-at="2020-12-31T12:19:45Z">
          <params>
            <param index="0">
              <value>
                <![CDATA[Tahira4]]>
              </value>
            </param>
            <param index="1">
              <value>
                <![CDATA[tahira10@gmail.com]]>
              </value>
            </param>
            <param index="2">
              <value>
                <![CDATA[Female]]>
              </value>
            </param>
            <param index="3">
              <value>
                <![CDATA[Inactive]]>
              </value>
            </param>
          </params>
          <reporter-output>
          </reporter-output>
        </test-method> <!-- createUserAPIPOSTTest -->
      </class> <!-- com.qa.api.gorest.tests.CreateUserTest -->
      <class name="com.qa.api.gorest.tests.DeleteUserTest">
        <test-method status="PASS" signature="deleteUserTest()[pri:0, instance:com.qa.api.gorest.tests.DeleteUserTest@2bc12da]" name="deleteUserTest" duration-ms="751" started-at="2020-12-31T12:19:47Z" finished-at="2020-12-31T12:19:48Z">
          <reporter-output>
          </reporter-output>
        </test-method> <!-- deleteUserTest -->
      </class> <!-- com.qa.api.gorest.tests.DeleteUserTest -->
      <class name="com.qa.api.gorest.tests.GetImgurAPITest2">
        <test-method status="PASS" signature="setUp()[pri:0, instance:com.qa.api.gorest.tests.GetImgurAPITest2@534ca02b]" name="setUp" is-config="true" duration-ms="1075" started-at="2020-12-31T12:20:03Z" finished-at="2020-12-31T12:20:04Z">
          <reporter-output>
          </reporter-output>
        </test-method> <!-- setUp -->
        <test-method status="PASS" signature="getAccountBlockStatusTest()[pri:0, instance:com.qa.api.gorest.tests.GetImgurAPITest2@534ca02b]" name="getAccountBlockStatusTest" duration-ms="951" started-at="2020-12-31T12:20:04Z" finished-at="2020-12-31T12:20:05Z">
          <reporter-output>
          </reporter-output>
        </test-method> <!-- getAccountBlockStatusTest -->
        <test-method status="PASS" signature="setUp()[pri:0, instance:com.qa.api.gorest.tests.GetImgurAPITest2@534ca02b]" name="setUp" is-config="true" duration-ms="949" started-at="2020-12-31T12:20:05Z" finished-at="2020-12-31T12:20:06Z">
          <reporter-output>
          </reporter-output>
        </test-method> <!-- setUp -->
        <test-method status="PASS" signature="getAccountImageTest()[pri:0, instance:com.qa.api.gorest.tests.GetImgurAPITest2@534ca02b]" name="getAccountImageTest" duration-ms="998" started-at="2020-12-31T12:20:06Z" finished-at="2020-12-31T12:20:07Z">
          <reporter-output>
          </reporter-output>
        </test-method> <!-- getAccountImageTest -->
        <test-method status="PASS" signature="setUp()[pri:0, instance:com.qa.api.gorest.tests.GetImgurAPITest2@534ca02b]" name="setUp" is-config="true" duration-ms="966" started-at="2020-12-31T12:20:07Z" finished-at="2020-12-31T12:20:08Z">
          <reporter-output>
          </reporter-output>
        </test-method> <!-- setUp -->
        <test-method status="PASS" signature="uploadImagePostAPITest()[pri:0, instance:com.qa.api.gorest.tests.GetImgurAPITest2@534ca02b]" name="uploadImagePostAPITest" duration-ms="6689" started-at="2020-12-31T12:20:08Z" finished-at="2020-12-31T12:20:14Z">
          <reporter-output>
          </reporter-output>
        </test-method> <!-- uploadImagePostAPITest -->
      </class> <!-- com.qa.api.gorest.tests.GetImgurAPITest2 -->
      <class name="com.qa.api.gorest.tests.GetImgurAPITest">
        <test-method status="PASS" signature="setUp()[pri:0, instance:com.qa.api.gorest.tests.GetImgurAPITest@3122b117]" name="setUp" is-config="true" duration-ms="1092" started-at="2020-12-31T12:19:48Z" finished-at="2020-12-31T12:19:49Z">
          <reporter-output>
          </reporter-output>
        </test-method> <!-- setUp -->
        <test-method status="PASS" signature="getAccountBlockStatusTest()[pri:0, instance:com.qa.api.gorest.tests.GetImgurAPITest@3122b117]" name="getAccountBlockStatusTest" duration-ms="937" started-at="2020-12-31T12:19:49Z" finished-at="2020-12-31T12:19:50Z">
          <reporter-output>
          </reporter-output>
        </test-method> <!-- getAccountBlockStatusTest -->
        <test-method status="PASS" signature="setUp()[pri:0, instance:com.qa.api.gorest.tests.GetImgurAPITest@3122b117]" name="setUp" is-config="true" duration-ms="961" started-at="2020-12-31T12:19:50Z" finished-at="2020-12-31T12:19:51Z">
          <reporter-output>
          </reporter-output>
        </test-method> <!-- setUp -->
        <test-method status="PASS" signature="getAccountImageTest()[pri:0, instance:com.qa.api.gorest.tests.GetImgurAPITest@3122b117]" name="getAccountImageTest" duration-ms="1101" started-at="2020-12-31T12:19:51Z" finished-at="2020-12-31T12:19:52Z">
          <reporter-output>
          </reporter-output>
        </test-method> <!-- getAccountImageTest -->
        <test-method status="PASS" signature="setUp()[pri:0, instance:com.qa.api.gorest.tests.GetImgurAPITest@3122b117]" name="setUp" is-config="true" duration-ms="1062" started-at="2020-12-31T12:19:52Z" finished-at="2020-12-31T12:19:53Z">
          <reporter-output>
          </reporter-output>
        </test-method> <!-- setUp -->
        <test-method status="PASS" signature="uploadImagePostAPITest()[pri:0, instance:com.qa.api.gorest.tests.GetImgurAPITest@3122b117]" name="uploadImagePostAPITest" duration-ms="9530" started-at="2020-12-31T12:19:53Z" finished-at="2020-12-31T12:20:03Z">
          <reporter-output>
          </reporter-output>
        </test-method> <!-- uploadImagePostAPITest -->
      </class> <!-- com.qa.api.gorest.tests.GetImgurAPITest -->
      <class name="com.qa.api.gorest.tests.GetUserTest">
        <test-method status="FAIL" signature="getUserListApiTest()[pri:1, instance:com.qa.api.gorest.tests.GetUserTest@7ed9ae94]" name="getUserListApiTest" duration-ms="359" started-at="2020-12-31T12:20:14Z" finished-at="2020-12-31T12:20:15Z">
          <exception class="java.lang.AssertionError">
            <message>
              <![CDATA[expected [201] but found [200]]]>
            </message>
            <full-stacktrace>
              <![CDATA[java.lang.AssertionError: expected [201] but found [200]
at org.testng.Assert.fail(Assert.java:96)
at org.testng.Assert.failNotEquals(Assert.java:776)
at org.testng.Assert.assertEqualsImpl(Assert.java:137)
at org.testng.Assert.assertEquals(Assert.java:118)
at org.testng.Assert.assertEquals(Assert.java:652)
at org.testng.Assert.assertEquals(Assert.java:662)
at com.qa.api.gorest.tests.GetUserTest.getUserListApiTest(GetUserTest.java:37)
at sun.reflect.NativeMethodAccessorImpl.invoke0(Native Method)
at sun.reflect.NativeMethodAccessorImpl.invoke(NativeMethodAccessorImpl.java:62)
at sun.reflect.DelegatingMethodAccessorImpl.invoke(DelegatingMethodAccessorImpl.java:43)
at java.lang.reflect.Method.invoke(Method.java:498)
at org.testng.internal.MethodInvocationHelper.invokeMethod(MethodInvocationHelper.java:124)
at org.testng.internal.Invoker.invokeMethod(Invoker.java:583)
at org.testng.internal.Invoker.invokeTestMethod(Invoker.java:719)
at org.testng.internal.Invoker.invokeTestMethods(Invoker.java:989)
at org.testng.internal.TestMethodWorker.invokeTestMethods(TestMethodWorker.java:125)
at org.testng.internal.TestMethodWorker.run(TestMethodWorker.java:109)
at org.testng.TestRunner.privateRun(TestRunner.java:648)
at org.testng.TestRunner.run(TestRunner.java:505)
at org.testng.SuiteRunner.runTest(SuiteRunner.java:455)
at org.testng.SuiteRunner.runSequentially(SuiteRunner.java:450)
at org.testng.SuiteRunner.privateRun(SuiteRunner.java:415)
at org.testng.SuiteRunner.run(SuiteRunner.java:364)
at org.testng.SuiteRunnerWorker.runSuite(SuiteRunnerWorker.java:52)
at org.testng.SuiteRunnerWorker.run(SuiteRunnerWorker.java:84)
at org.testng.TestNG.runSuitesSequentially(TestNG.java:1208)
at org.testng.TestNG.runSuitesLocally(TestNG.java:1137)
at org.testng.TestNG.runSuites(TestNG.java:1049)
at org.testng.TestNG.run(TestNG.java:1017)
at org.apache.maven.surefire.testng.TestNGExecutor.run(TestNGExecutor.java:284)
at org.apache.maven.surefire.testng.TestNGXmlTestSuite.execute(TestNGXmlTestSuite.java:75)
at org.apache.maven.surefire.testng.TestNGProvider.invoke(TestNGProvider.java:119)
at org.apache.maven.surefire.booter.ForkedBooter.runSuitesInProcess(ForkedBooter.java:428)
at org.apache.maven.surefire.booter.ForkedBooter.execute(ForkedBooter.java:162)
at org.apache.maven.surefire.booter.ForkedBooter.run(ForkedBooter.java:562)
at org.apache.maven.surefire.booter.ForkedBooter.main(ForkedBooter.java:548)
]]>
            </full-stacktrace>
          </exception> <!-- java.lang.AssertionError -->
          <reporter-output>
          </reporter-output>
        </test-method> <!-- getUserListApiTest -->
        <test-method status="PASS" signature="getUserWithQueryParamsApiTest()[pri:2, instance:com.qa.api.gorest.tests.GetUserTest@7ed9ae94]" name="getUserWithQueryParamsApiTest" duration-ms="326" started-at="2020-12-31T12:20:15Z" finished-at="2020-12-31T12:20:15Z">
          <reporter-output>
          </reporter-output>
        </test-method> <!-- getUserWithQueryParamsApiTest -->
      </class> <!-- com.qa.api.gorest.tests.GetUserTest -->
    </test> <!-- Test -->
  </suite> <!-- Suite -->
</testng-results>
