<?xml version="1.0" encoding="UTF-8"?>
<testsuite xmlns:xsi="http://www.w3.org/2001/XMLSchema-instance" xsi:noNamespaceSchemaLocation="https://maven.apache.org/surefire/maven-surefire-plugin/xsd/surefire-test-report-3.0.xsd" version="3.0" name="TestSuite" time="34.5" tests="14" errors="0" skipped="0" failures="1">
  <properties>
[...]
</properties>
  <testcase name="createUserAPIPOSTTest[Abu4, abu4@gmail.com, Male, Active](1)" classname="com.qa.api.gorest.tests.CreateUserTest" time="4.107">
    <system-out><![CDATA[Test Suite started!
I am in onStart method Test
createUserAPIPOSTTest started!
I am in onTestStart method createUserAPIPOSTTest start
I am in onTestStart method createUserAPIPOSTTest start
{"name":"Abu4","email":"abu4@gmail.com","gender":"Male","status":"Active"}
Request method:	POST
Request URI:	https://gorest.co.in/public-api/users
Proxy:			<none>
Request params:	<none>
Query params:	<none>
Form params:	<none>
Path params:	<none>
Headers:		Authorization=Bearer 5766180a0a5e260969f49562de5438c84be74a66752f526afeb92257a0176c01
				Accept=*/*
				Content-Type=application/json; charset=UTF-8
Cookies:		<none>
Multiparts:		<none>
Body:
{
    "name": "Abu4",
    "email": "abu4@gmail.com",
    "gender": "Male",
    "status": "Active"
}
200
{
    "code": 201,
    "meta": null,
    "data": {
        "id": 1607,
        "name": "Abu4",
        "email": "abu4@gmail.com",
        "gender": "Male",
        "status": "Active",
        "created_at": "2020-12-28T19:29:53.688+05:30",
        "updated_at": "2020-12-28T19:29:53.688+05:30"
    }
}
{
    "code": 201,
    "meta": null,
    "data": {
        "id": 1607,
        "name": "Abu4",
        "email": "abu4@gmail.com",
        "gender": "Male",
        "status": "Active",
        "created_at": "2020-12-28T19:29:53.688+05:30",
        "updated_at": "2020-12-28T19:29:53.688+05:30"
    }
}
====================================
createUserAPIPOSTTest passed!
I am in onTestSuccess method createUserAPIPOSTTest succeed
]]></system-out>
    <system-err><![CDATA[SLF4J: Failed to load class "org.slf4j.impl.StaticLoggerBinder".
SLF4J: Defaulting to no-operation (NOP) logger implementation
SLF4J: See http://www.slf4j.org/codes.html#StaticLoggerBinder for further details.
Dec 28, 2020 7:29:50 PM org.aspectj.weaver.tools.Jdk14Trace error
SEVERE: org/codehaus/groovy/runtime/callsite/AbstractCallSite
java.lang.RuntimeException: bad non-abstract method with no code: void org.codehaus.groovy.runtime.callsite.AbstractCallSite.<init>(org.codehaus.groovy.runtime.callsite.CallSiteArray, int, java.lang.String) on public class org.codehaus.groovy.runtime.callsite.AbstractCallSite
	at org.aspectj.weaver.bcel.LazyMethodGen.<init>(LazyMethodGen.java:223)
	at org.aspectj.weaver.bcel.LazyClassGen.<init>(LazyClassGen.java:362)
	at org.aspectj.weaver.bcel.BcelObjectType.getLazyClassGen(BcelObjectType.java:563)
	at org.aspectj.weaver.bcel.BcelWeaver.weave(BcelWeaver.java:1705)
	at org.aspectj.weaver.bcel.BcelWeaver.weaveWithoutDump(BcelWeaver.java:1656)
	at org.aspectj.weaver.bcel.BcelWeaver.weaveAndNotify(BcelWeaver.java:1421)
	at org.aspectj.weaver.bcel.BcelWeaver.weave(BcelWeaver.java:1195)
	at org.aspectj.weaver.tools.WeavingAdaptor.getWovenBytes(WeavingAdaptor.java:551)
	at org.aspectj.weaver.tools.WeavingAdaptor.weaveClass(WeavingAdaptor.java:387)
	at org.aspectj.weaver.loadtime.Aj.preProcess(Aj.java:116)
	at org.aspectj.weaver.loadtime.ClassPreProcessorAgentAdapter.transform(ClassPreProcessorAgentAdapter.java:51)
	at sun.instrument.TransformerManager.transform(TransformerManager.java:188)
	at sun.instrument.InstrumentationImpl.transform(InstrumentationImpl.java:428)
	at java.lang.ClassLoader.defineClass1(Native Method)
	at java.lang.ClassLoader.defineClass(ClassLoader.java:756)
	at java.lang.ClassLoader.defineClass(ClassLoader.java:635)
	at org.codehaus.groovy.reflection.SunClassLoader.define(SunClassLoader.java:94)
	at org.codehaus.groovy.runtime.callsite.GroovySunClassLoader.loadAbstract(GroovySunClassLoader.java:72)
	at org.codehaus.groovy.runtime.callsite.GroovySunClassLoader.<init>(GroovySunClassLoader.java:54)
	at org.codehaus.groovy.runtime.callsite.GroovySunClassLoader.<init>(GroovySunClassLoader.java:49)
	at org.codehaus.groovy.runtime.callsite.GroovySunClassLoader.lambda$static$0(GroovySunClassLoader.java:40)
	at java.security.AccessController.doPrivileged(Native Method)
	at org.codehaus.groovy.runtime.callsite.GroovySunClassLoader.<clinit>(GroovySunClassLoader.java:37)
	at org.codehaus.groovy.runtime.callsite.CallSiteGenerator.isCompilable(CallSiteGenerator.java:256)
	at org.codehaus.groovy.reflection.CachedMethod.createStaticMetaMethodSite(CachedMethod.java:312)
	at org.codehaus.groovy.runtime.callsite.StaticMetaMethodSite.createStaticMetaMethodSite(StaticMetaMethodSite.java:112)
	at groovy.lang.MetaClassImpl.createStaticSite(MetaClassImpl.java:3496)
	at org.codehaus.groovy.runtime.callsite.CallSiteArray.createCallStaticSite(CallSiteArray.java:74)
	at org.codehaus.groovy.runtime.callsite.CallSiteArray.createCallSite(CallSiteArray.java:156)
	at org.codehaus.groovy.runtime.callsite.CallSiteArray.defaultCall(CallSiteArray.java:47)
	at org.codehaus.groovy.runtime.callsite.AbstractCallSite.call(AbstractCallSite.java:125)
	at org.codehaus.groovy.runtime.callsite.AbstractCallSite.call(AbstractCallSite.java:130)
	at io.restassured.internal.common.assertion.AssertParameter.notNull(AssertParameter.groovy:21)
	at io.restassured.config.SSLConfig.<init>(SSLConfig.java:192)
	at io.restassured.config.SSLConfig.<init>(SSLConfig.java:184)
	at io.restassured.config.RestAssuredConfig.<init>(RestAssuredConfig.java:41)
	at io.restassured.RestAssured.<clinit>(RestAssured.java:421)
	at com.qa.api.gorest.restclient.RestClient.setBaseURI(RestClient.java:134)
	at com.qa.api.gorest.restclient.RestClient.doPost(RestClient.java:65)
	at com.qa.api.gorest.tests.CreateUserTest.createUserAPIPOSTTest(CreateUserTest.java:44)
	at sun.reflect.NativeMethodAccessorImpl.invoke0(Native Method)
	at sun.reflect.NativeMethodAccessorImpl.invoke(NativeMethodAccessorImpl.java:62)
	at sun.reflect.DelegatingMethodAccessorImpl.invoke(DelegatingMethodAccessorImpl.java:43)
	at java.lang.reflect.Method.invoke(Method.java:498)
	at org.testng.internal.MethodInvocationHelper.invokeMethod(MethodInvocationHelper.java:124)
	at org.testng.internal.Invoker.invokeMethod(Invoker.java:583)
	at org.testng.internal.Invoker.invokeTestMethod(Invoker.java:719)
	at org.testng.internal.Invoker.invokeTestMethods(Invoker.java:989)
	at org.testng.internal.TestMethodWorker.invokeTestMethods(TestMethodWorker.java:125)
	at org.testng.internal.TestMethodWorker.run(TestMethodWorker.java:109)
	at org.testng.TestRunner.privateRun(TestRunner.java:648)
	at org.testng.TestRunner.run(TestRunner.java:505)
	at org.testng.SuiteRunner.runTest(SuiteRunner.java:455)
	at org.testng.SuiteRunner.runSequentially(SuiteRunner.java:450)
	at org.testng.SuiteRunner.privateRun(SuiteRunner.java:415)
	at org.testng.SuiteRunner.run(SuiteRunner.java:364)
	at org.testng.SuiteRunnerWorker.runSuite(SuiteRunnerWorker.java:52)
	at org.testng.SuiteRunnerWorker.run(SuiteRunnerWorker.java:84)
	at org.testng.TestNG.runSuitesSequentially(TestNG.java:1208)
	at org.testng.TestNG.runSuitesLocally(TestNG.java:1137)
	at org.testng.TestNG.runSuites(TestNG.java:1049)
	at org.testng.TestNG.run(TestNG.java:1017)
	at org.apache.maven.surefire.testng.TestNGExecutor.run(TestNGExecutor.java:284)
	at org.apache.maven.surefire.testng.TestNGXmlTestSuite.execute(TestNGXmlTestSuite.java:75)
	at org.apache.maven.surefire.testng.TestNGProvider.invoke(TestNGProvider.java:119)
	at org.apache.maven.surefire.booter.ForkedBooter.runSuitesInProcess(ForkedBooter.java:428)
	at org.apache.maven.surefire.booter.ForkedBooter.execute(ForkedBooter.java:162)
	at org.apache.maven.surefire.booter.ForkedBooter.run(ForkedBooter.java:562)
	at org.apache.maven.surefire.booter.ForkedBooter.main(ForkedBooter.java:548)

Dec 28, 2020 7:29:50 PM org.aspectj.weaver.tools.Jdk14Trace info
INFO: Dumping to C:\Ayesha\api_automation\RestAssuredFW\.\ajcore.20201228.192950.827.txt
]]></system-err>
  </testcase>
  <testcase name="createUserAPIPOSTTest[Pallu4, pallu4@gmail.com, Female, Inactive](2)" classname="com.qa.api.gorest.tests.CreateUserTest" time="0.096">
    <system-out><![CDATA[createUserAPIPOSTTest started!
I am in onTestStart method createUserAPIPOSTTest start
I am in onTestStart method createUserAPIPOSTTest start
{"name":"Pallu4","email":"pallu4@gmail.com","gender":"Female","status":"Inactive"}
Request method:	POST
Request URI:	https://gorest.co.in/public-api/users
Proxy:			<none>
Request params:	<none>
Query params:	<none>
Form params:	<none>
Path params:	<none>
Headers:		Authorization=Bearer 5766180a0a5e260969f49562de5438c84be74a66752f526afeb92257a0176c01
				Accept=*/*
				Content-Type=application/json; charset=UTF-8
Cookies:		<none>
Multiparts:		<none>
Body:
{
    "name": "Pallu4",
    "email": "pallu4@gmail.com",
    "gender": "Female",
    "status": "Inactive"
}
200
{
    "code": 201,
    "meta": null,
    "data": {
        "id": 1608,
        "name": "Pallu4",
        "email": "pallu4@gmail.com",
        "gender": "Female",
        "status": "Inactive",
        "created_at": "2020-12-28T19:29:54.367+05:30",
        "updated_at": "2020-12-28T19:29:54.367+05:30"
    }
}
{
    "code": 201,
    "meta": null,
    "data": {
        "id": 1608,
        "name": "Pallu4",
        "email": "pallu4@gmail.com",
        "gender": "Female",
        "status": "Inactive",
        "created_at": "2020-12-28T19:29:54.367+05:30",
        "updated_at": "2020-12-28T19:29:54.367+05:30"
    }
}
====================================
createUserAPIPOSTTest passed!
I am in onTestSuccess method createUserAPIPOSTTest succeed
]]></system-out>
  </testcase>
  <testcase name="createUserAPIPOSTTest[Zarina4, zarina4@gmail.com, Female, Active](3)" classname="com.qa.api.gorest.tests.CreateUserTest" time="0.294">
    <system-out><![CDATA[createUserAPIPOSTTest started!
I am in onTestStart method createUserAPIPOSTTest start
I am in onTestStart method createUserAPIPOSTTest start
{"name":"Zarina4","email":"zarina4@gmail.com","gender":"Female","status":"Active"}
Request method:	POST
Request URI:	https://gorest.co.in/public-api/users
Proxy:			<none>
Request params:	<none>
Query params:	<none>
Form params:	<none>
Path params:	<none>
Headers:		Authorization=Bearer 5766180a0a5e260969f49562de5438c84be74a66752f526afeb92257a0176c01
				Accept=*/*
				Content-Type=application/json; charset=UTF-8
Cookies:		<none>
Multiparts:		<none>
Body:
{
    "name": "Zarina4",
    "email": "zarina4@gmail.com",
    "gender": "Female",
    "status": "Active"
}
200
{
    "code": 201,
    "meta": null,
    "data": {
        "id": 1609,
        "name": "Zarina4",
        "email": "zarina4@gmail.com",
        "gender": "Female",
        "status": "Active",
        "created_at": "2020-12-28T19:29:54.735+05:30",
        "updated_at": "2020-12-28T19:29:54.735+05:30"
    }
}
{
    "code": 201,
    "meta": null,
    "data": {
        "id": 1609,
        "name": "Zarina4",
        "email": "zarina4@gmail.com",
        "gender": "Female",
        "status": "Active",
        "created_at": "2020-12-28T19:29:54.735+05:30",
        "updated_at": "2020-12-28T19:29:54.735+05:30"
    }
}
====================================
createUserAPIPOSTTest passed!
I am in onTestSuccess method createUserAPIPOSTTest succeed
]]></system-out>
  </testcase>
  <testcase name="createUserAPIPOSTTest[Tahira4, tahira4@gmail.com, Female, Inactive](4)" classname="com.qa.api.gorest.tests.CreateUserTest" time="0.339">
    <system-out><![CDATA[createUserAPIPOSTTest started!
I am in onTestStart method createUserAPIPOSTTest start
I am in onTestStart method createUserAPIPOSTTest start
{"name":"Tahira4","email":"tahira4@gmail.com","gender":"Female","status":"Inactive"}
Request method:	POST
Request URI:	https://gorest.co.in/public-api/users
Proxy:			<none>
Request params:	<none>
Query params:	<none>
Form params:	<none>
Path params:	<none>
Headers:		Authorization=Bearer 5766180a0a5e260969f49562de5438c84be74a66752f526afeb92257a0176c01
				Accept=*/*
				Content-Type=application/json; charset=UTF-8
Cookies:		<none>
Multiparts:		<none>
Body:
{
    "name": "Tahira4",
    "email": "tahira4@gmail.com",
    "gender": "Female",
    "status": "Inactive"
}
200
{
    "code": 201,
    "meta": null,
    "data": {
        "id": 1610,
        "name": "Tahira4",
        "email": "tahira4@gmail.com",
        "gender": "Female",
        "status": "Inactive",
        "created_at": "2020-12-28T19:29:55.102+05:30",
        "updated_at": "2020-12-28T19:29:55.102+05:30"
    }
}
{
    "code": 201,
    "meta": null,
    "data": {
        "id": 1610,
        "name": "Tahira4",
        "email": "tahira4@gmail.com",
        "gender": "Female",
        "status": "Inactive",
        "created_at": "2020-12-28T19:29:55.102+05:30",
        "updated_at": "2020-12-28T19:29:55.102+05:30"
    }
}
====================================
createUserAPIPOSTTest passed!
I am in onTestSuccess method createUserAPIPOSTTest succeed
]]></system-out>
  </testcase>
  <testcase name="updateUserAPIPOSTTest_withSetter" classname="com.qa.api.gorest.tests.UpdateUserTest" time="1.648">
    <system-out><![CDATA[updateUserAPIPOSTTest_withSetter started!
I am in onTestStart method updateUserAPIPOSTTest_withSetter start
I am in onTestStart method updateUserAPIPOSTTest_withSetter start
{"name":"AyeshaTest","email":"ayesha.yusuf17@gmail.com","gender":"Female","status":"Active"}
Request method:	POST
Request URI:	https://gorest.co.in/public-api/users
Proxy:			<none>
Request params:	<none>
Query params:	<none>
Form params:	<none>
Path params:	<none>
Headers:		Authorization=Bearer 5766180a0a5e260969f49562de5438c84be74a66752f526afeb92257a0176c01
				Accept=*/*
				Content-Type=application/json; charset=UTF-8
Cookies:		<none>
Multiparts:		<none>
Body:
{
    "name": "AyeshaTest",
    "email": "ayesha.yusuf17@gmail.com",
    "gender": "Female",
    "status": "Active"
}
1611
====================================
{"name":"AyeshaUpdated","email":"ayesha.yusuf17@gmail.com","gender":"Female","status":"Active"}
Request method:	PUT
Request URI:	https://gorest.co.in/public-api/users/1611
Proxy:			<none>
Request params:	<none>
Query params:	<none>
Form params:	<none>
Path params:	<none>
Headers:		Authorization=Bearer 5766180a0a5e260969f49562de5438c84be74a66752f526afeb92257a0176c01
				Accept=*/*
				Content-Type=application/json; charset=UTF-8
Cookies:		<none>
Multiparts:		<none>
Body:
{
    "name": "AyeshaUpdated",
    "email": "ayesha.yusuf17@gmail.com",
    "gender": "Female",
    "status": "Active"
}
{
    "code": 200,
    "meta": null,
    "data": {
        "id": 1611,
        "email": "ayesha.yusuf17@gmail.com",
        "name": "AyeshaUpdated",
        "gender": "Female",
        "status": "Active",
        "created_at": "2020-12-28T19:29:55.444+05:30",
        "updated_at": "2020-12-28T19:29:56.711+05:30"
    }
}
{
    "code": 200,
    "meta": null,
    "data": {
        "id": 1611,
        "email": "ayesha.yusuf17@gmail.com",
        "name": "AyeshaUpdated",
        "gender": "Female",
        "status": "Active",
        "created_at": "2020-12-28T19:29:55.444+05:30",
        "updated_at": "2020-12-28T19:29:56.711+05:30"
    }
}
====================================
updateUserAPIPOSTTest_withSetter passed!
I am in onTestSuccess method updateUserAPIPOSTTest_withSetter succeed
]]></system-out>
  </testcase>
  <testcase name="deleteUserTest" classname="com.qa.api.gorest.tests.DeleteUserTest" time="0.714">
    <system-out><![CDATA[deleteUserTest started!
I am in onTestStart method deleteUserTest start
I am in onTestStart method deleteUserTest start
{"name":"AyeshaTest","email":"ayesha.yusuf22@gmail.com","gender":"Female","status":"Active"}
Request method:	POST
Request URI:	https://gorest.co.in/public-api/users
Proxy:			<none>
Request params:	<none>
Query params:	<none>
Form params:	<none>
Path params:	<none>
Headers:		Authorization=Bearer 5766180a0a5e260969f49562de5438c84be74a66752f526afeb92257a0176c01
				Accept=*/*
				Content-Type=application/json; charset=UTF-8
Cookies:		<none>
Multiparts:		<none>
Body:
{
    "name": "AyeshaTest",
    "email": "ayesha.yusuf22@gmail.com",
    "gender": "Female",
    "status": "Active"
}
1612
====================================
Request method:	DELETE
Request URI:	https://gorest.co.in/public-api/users/1612
Proxy:			<none>
Request params:	<none>
Query params:	<none>
Form params:	<none>
Path params:	<none>
Headers:		Authorization=Bearer 5766180a0a5e260969f49562de5438c84be74a66752f526afeb92257a0176c01
				Accept=*/*
				Content-Type=application/json; charset=UTF-8
Cookies:		<none>
Multiparts:		<none>
Body:			<none>
==============Response of Pretty Pink==============
{
    "code": 204,
    "meta": null,
    "data": null
}
deleteUserTest passed!
I am in onTestSuccess method deleteUserTest succeed
]]></system-out>
  </testcase>
  <testcase name="getAccountBlockStatusTest" classname="com.qa.api.gorest.tests.GetImgurAPITest" time="1.429">
    <system-out><![CDATA[getAccountBlockStatusTest started!
I am in onTestStart method getAccountBlockStatusTest start
I am in onTestStart method getAccountBlockStatusTest start
Request method:	GET
Request URI:	https://api.imgur.com/account/v1/ayeshayusuf/block
Proxy:			<none>
Request params:	<none>
Query params:	<none>
Form params:	<none>
Path params:	<none>
Headers:		Authorization=Bearer 5566cd061527126aba9ed9cefff5409dea520d59
				Accept=*/*
Cookies:		<none>
Multiparts:		<none>
Body:			<none>
200
{
    "data": {
        "blocked": false
    }
}
{
    "data": {
        "blocked": false
    }
}
getAccountBlockStatusTest passed!
I am in onTestSuccess method getAccountBlockStatusTest succeed
]]></system-out>
  </testcase>
  <testcase name="getAccountImageTest" classname="com.qa.api.gorest.tests.GetImgurAPITest" time="3.914">
    <system-out><![CDATA[getAccountImageTest started!
I am in onTestStart method getAccountImageTest start
I am in onTestStart method getAccountImageTest start
Request method:	GET
Request URI:	https://api.imgur.com/3/account/me/images
Proxy:			<none>
Request params:	<none>
Query params:	<none>
Form params:	<none>
Path params:	<none>
Headers:		Authorization=Bearer 27608501400192f8d8fa8b9c2ebc19e1db2ff851
				Accept=*/*
				Content-Type=application/json; charset=UTF-8
Cookies:		<none>
Multiparts:		<none>
Body:			<none>
200
{
    "data": [
        {
            "id": "WBB9rXw",
            "title": "1x1 Pixel",
            "description": "This is an 1x1 pixel image.",
            "datetime": 1608567954,
            "type": "image/jpeg",
            "animated": false,
            "width": 1500,
            "height": 747,
            "size": 142571,
            "views": 0,
            "bandwidth": 0,
            "vote": null,
            "favorite": false,
            "nsfw": null,
            "section": null,
            "account_url": "ayeshayusuf",
            "account_id": 140315745,
            "is_ad": false,
            "in_most_viral": false,
            "has_sound": false,
            "tags": [
                
            ],
            "ad_type": 0,
            "ad_url": "",
            "edited": "0",
            "in_gallery": false,
            "deletehash": "r7OBMoi91yej9eA",
            "name": "pixel.gif",
            "link": "https://i.imgur.com/WBB9rXw.jpg"
        },
        {
            "id": "txf44O7",
            "title": "1x1 Pixel",
            "description": "This is an 1x1 pixel image.",
            "datetime": 1608039092,
            "type": "image/jpeg",
            "animated": false,
            "width": 1500,
            "height": 747,
            "size": 142571,
            "views": 0,
            "bandwidth": 0,
            "vote": null,
            "favorite": false,
            "nsfw": null,
            "section": null,
            "account_url": "ayeshayusuf",
            "account_id": 140315745,
            "is_ad": false,
            "in_most_viral": false,
            "has_sound": false,
            "tags": [
                
            ],
            "ad_type": 0,
            "ad_url": "",
            "edited": "0",
            "in_gallery": false,
            "deletehash": "6Bs682wEBcXCXma",
            "name": "pixel.gif",
            "link": "https://i.imgur.com/txf44O7.jpg"
        },
        {
            "id": "06T3iRJ",
            "title": "1x1 Pixel",
            "description": "This is an 1x1 pixel image.",
            "datetime": 1607590814,
            "type": "image/jpeg",
            "animated": false,
            "width": 1500,
            "height": 747,
            "size": 142571,
            "views": 0,
            "bandwidth": 0,
            "vote": null,
            "favorite": false,
            "nsfw": null,
            "section": null,
            "account_url": "ayeshayusuf",
            "account_id": 140315745,
            "is_ad": false,
            "in_most_viral": false,
            "has_sound": false,
            "tags": [
                
            ],
            "ad_type": 0,
            "ad_url": "",
            "edited": "0",
            "in_gallery": false,
            "deletehash": "SCxGu1VoMndko5k",
            "name": "pixel.gif",
            "link": "https://i.imgur.com/06T3iRJ.jpg"
        },
        {
            "id": "2E1jFeZ",
            "title": "1x1 Pixel",
            "description": "This is an 1x1 pixel image.",
            "datetime": 1607589469,
            "type": "image/jpeg",
            "animated": false,
            "width": 1500,
            "height": 747,
            "size": 142571,
            "views": 0,
            "bandwidth": 0,
            "vote": null,
            "favorite": false,
            "nsfw": null,
            "section": null,
            "account_url": "ayeshayusuf",
            "account_id": 140315745,
            "is_ad": false,
            "in_most_viral": false,
            "has_sound": false,
            "tags": [
                
            ],
            "ad_type": 0,
            "ad_url": "",
            "edited": "0",
            "in_gallery": false,
            "deletehash": "ctSKgbsGwe5dijr",
            "name": "pixel.gif",
            "link": "https://i.imgur.com/2E1jFeZ.jpg"
        },
        {
            "id": "ExLQlru",
            "title": "1x1 Pixel",
            "description": "This is an 1x1 pixel image.",
            "datetime": 1607526045,
            "type": "image/jpeg",
            "animated": false,
            "width": 1500,
            "height": 747,
            "size": 142571,
            "views": 2,
            "bandwidth": 285142,
            "vote": null,
            "favorite": false,
            "nsfw": null,
            "section": null,
            "account_url": "ayeshayusuf",
            "account_id": 140315745,
            "is_ad": false,
            "in_most_viral": false,
            "has_sound": false,
            "tags": [
                
            ],
            "ad_type": 0,
            "ad_url": "",
            "edited": "0",
            "in_gallery": false,
            "deletehash": "mj5UKA5dUKaiQqD",
            "name": "pixel.gif",
            "link": "https://i.imgur.com/ExLQlru.jpg"
        },
        {
            "id": "D0jfXQn",
            "title": "1x1 Pixel",
            "description": "This is an 1x1 pixel image.",
            "datetime": 1607524345,
            "type": "image/jpeg",
            "animated": false,
            "width": 1500,
            "height": 747,
            "size": 142571,
            "views": 0,
            "bandwidth": 0,
            "vote": null,
            "favorite": false,
            "nsfw": null,
            "section": null,
            "account_url": "ayeshayusuf",
            "account_id": 140315745,
            "is_ad": false,
            "in_most_viral": false,
            "has_sound": false,
            "tags": [
                
            ],
            "ad_type": 0,
            "ad_url": "",
            "edited": "0",
            "in_gallery": false,
            "deletehash": "XOCgkcgM1VZMbEs",
            "name": "pixel.gif",
            "link": "https://i.imgur.com/D0jfXQn.jpg"
        },
        {
            "id": "KJkUXIC",
            "title": "1x1 Pixel",
            "description": "This is an 1x1 pixel image.",
            "datetime": 1607523026,
            "type": "image/jpeg",
            "animated": false,
            "width": 1500,
            "height": 747,
            "size": 142571,
            "views": 0,
            "bandwidth": 0,
            "vote": null,
            "favorite": false,
            "nsfw": null,
            "section": null,
            "account_url": "ayeshayusuf",
            "account_id": 140315745,
            "is_ad": false,
            "in_most_viral": false,
            "has_sound": false,
            "tags": [
                
            ],
            "ad_type": 0,
            "ad_url": "",
            "edited": "0",
            "in_gallery": false,
            "deletehash": "dzggdEFrXaUuszH",
            "name": "pixel.gif",
            "link": "https://i.imgur.com/KJkUXIC.jpg"
        },
        {
            "id": "ejysr0A",
            "title": "1x1 Pixel",
            "description": "This is an 1x1 pixel image.",
            "datetime": 1606836299,
            "type": "image/png",
            "animated": false,
            "width": 1366,
            "height": 768,
            "size": 124081,
            "views": 0,
            "bandwidth": 0,
            "vote": null,
            "favorite": false,
            "nsfw": null,
            "section": null,
            "account_url": "ayeshayusuf",
            "account_id": 140315745,
            "is_ad": false,
            "in_most_viral": false,
            "has_sound": false,
            "tags": [
                
            ],
            "ad_type": 0,
            "ad_url": "",
            "edited": "0",
            "in_gallery": false,
            "deletehash": "uwuZTNZetJqswHM",
            "name": "pixel.gif",
            "link": "https://i.imgur.com/ejysr0A.png"
        },
        {
            "id": "GzkJ0UC",
            "title": "1x1 Pixel",
            "description": "This is an 1x1 pixel image.",
            "datetime": 1606835991,
            "type": "image/png",
            "animated": false,
            "width": 1366,
            "height": 768,
            "size": 124081,
            "views": 0,
            "bandwidth": 0,
            "vote": null,
            "favorite": false,
            "nsfw": null,
            "section": null,
            "account_url": "ayeshayusuf",
            "account_id": 140315745,
            "is_ad": false,
            "in_most_viral": false,
            "has_sound": false,
            "tags": [
                
            ],
            "ad_type": 0,
            "ad_url": "",
            "edited": "0",
            "in_gallery": false,
            "deletehash": "jqyhbPFmhqEx2SX",
            "name": "pixel.gif",
            "link": "https://i.imgur.com/GzkJ0UC.png"
        },
        {
            "id": "wfYzh0j",
            "title": "1x1 Pixel",
            "description": "This is an 1x1 pixel image.",
            "datetime": 1606835911,
            "type": "image/png",
            "animated": false,
            "width": 1366,
            "height": 768,
            "size": 124081,
            "views": 0,
            "bandwidth": 0,
            "vote": null,
            "favorite": false,
            "nsfw": null,
            "section": null,
            "account_url": "ayeshayusuf",
            "account_id": 140315745,
            "is_ad": false,
            "in_most_viral": false,
            "has_sound": false,
            "tags": [
                
            ],
            "ad_type": 0,
            "ad_url": "",
            "edited": "0",
            "in_gallery": false,
            "deletehash": "3qZKjWBXG60Lv4D",
            "name": "pixel.gif",
            "link": "https://i.imgur.com/wfYzh0j.png"
        },
        {
            "id": "Gs3nIIm",
            "title": "1x1 Pixel",
            "description": "This is an 1x1 pixel image.",
            "datetime": 1606835721,
            "type": "image/png",
            "animated": false,
            "width": 1366,
            "height": 768,
            "size": 124081,
            "views": 0,
            "bandwidth": 0,
            "vote": null,
            "favorite": false,
            "nsfw": null,
            "section": null,
            "account_url": "ayeshayusuf",
            "account_id": 140315745,
            "is_ad": false,
            "in_most_viral": false,
            "has_sound": false,
            "tags": [
                
            ],
            "ad_type": 0,
            "ad_url": "",
            "edited": "0",
            "in_gallery": false,
            "deletehash": "WJ6H9reUbr51IGn",
            "name": "pixel.gif",
            "link": "https://i.imgur.com/Gs3nIIm.png"
        },
        {
            "id": "ObRQDba",
            "title": "1x1 Pixel",
            "description": "This is an 1x1 pixel image.",
            "datetime": 1606834386,
            "type": "image/png",
            "animated": false,
            "width": 1366,
            "height": 768,
            "size": 124081,
            "views": 0,
            "bandwidth": 0,
            "vote": null,
            "favorite": false,
            "nsfw": null,
            "section": null,
            "account_url": "ayeshayusuf",
            "account_id": 140315745,
            "is_ad": false,
            "in_most_viral": false,
            "has_sound": false,
            "tags": [
                
            ],
            "ad_type": 0,
            "ad_url": "",
            "edited": "0",
            "in_gallery": false,
            "deletehash": "V1zkYTbL0s9mRFo",
            "name": "pixel.gif",
            "link": "https://i.imgur.com/ObRQDba.png"
        },
        {
            "id": "tWq8XvA",
            "title": "1x1 Pixel",
            "description": "This is an 1x1 pixel image.",
            "datetime": 1606829075,
            "type": "image/png",
            "animated": false,
            "width": 1366,
            "height": 768,
            "size": 124081,
            "views": 0,
            "bandwidth": 0,
            "vote": null,
            "favorite": false,
            "nsfw": null,
            "section": null,
            "account_url": "ayeshayusuf",
            "account_id": 140315745,
            "is_ad": false,
            "in_most_viral": false,
            "has_sound": false,
            "tags": [
                
            ],
            "ad_type": 0,
            "ad_url": "",
            "edited": "0",
            "in_gallery": false,
            "deletehash": "mwSj6DgfhlJOd2B",
            "name": "pixel.gif",
            "link": "https://i.imgur.com/tWq8XvA.png"
        },
        {
            "id": "klFxsxy",
            "title": "1x1 Pixel",
            "description": "This is an 1x1 pixel image.",
            "datetime": 1606826978,
            "type": "image/png",
            "animated": false,
            "width": 1366,
            "height": 768,
            "size": 124081,
            "views": 0,
            "bandwidth": 0,
            "vote": null,
            "favorite": false,
            "nsfw": null,
            "section": null,
            "account_url": "ayeshayusuf",
            "account_id": 140315745,
            "is_ad": false,
            "in_most_viral": false,
            "has_sound": false,
            "tags": [
                
            ],
            "ad_type": 0,
            "ad_url": "",
            "edited": "0",
            "in_gallery": false,
            "deletehash": "DsYslQZnlPh87RW",
            "name": "pixel.gif",
            "link": "https://i.imgur.com/klFxsxy.png"
        },
        {
            "id": "gPqZWtD",
            "title": "1x1 Pixel",
            "description": "This is an 1x1 pixel image.",
            "datetime": 1606826773,
            "type": "image/png",
            "animated": false,
            "width": 1366,
            "height": 768,
            "size": 124081,
            "views": 0,
            "bandwidth": 0,
            "vote": null,
            "favorite": false,
            "nsfw": null,
            "section": null,
            "account_url": "ayeshayusuf",
            "account_id": 140315745,
            "is_ad": false,
            "in_most_viral": false,
            "has_sound": false,
            "tags": [
                
            ],
            "ad_type": 0,
            "ad_url": "",
            "edited": "0",
            "in_gallery": false,
            "deletehash": "SBKAocrXmzOIaIm",
            "name": "pixel.gif",
            "link": "https://i.imgur.com/gPqZWtD.png"
        },
        {
            "id": "v7QKS8R",
            "title": "1x1 Pixel",
            "description": "This is an 1x1 pixel image.",
            "datetime": 1606816390,
            "type": "image/png",
            "animated": false,
            "width": 1366,
            "height": 768,
            "size": 124081,
            "views": 0,
            "bandwidth": 0,
            "vote": null,
            "favorite": false,
            "nsfw": null,
            "section": null,
            "account_url": "ayeshayusuf",
            "account_id": 140315745,
            "is_ad": false,
            "in_most_viral": false,
            "has_sound": false,
            "tags": [
                
            ],
            "ad_type": 0,
            "ad_url": "",
            "edited": "0",
            "in_gallery": false,
            "deletehash": "6QAspWOsrYPCeex",
            "name": "pixel.gif",
            "link": "https://i.imgur.com/v7QKS8R.png"
        },
        {
            "id": "G4DNCNB",
            "title": "1x1 Pixel",
            "description": "This is an 1x1 pixel image.",
            "datetime": 1606814789,
            "type": "image/png",
            "animated": false,
            "width": 1366,
            "height": 768,
            "size": 124081,
            "views": 0,
            "bandwidth": 0,
            "vote": null,
            "favorite": false,
            "nsfw": null,
            "section": null,
            "account_url": "ayeshayusuf",
            "account_id": 140315745,
            "is_ad": false,
            "in_most_viral": false,
            "has_sound": false,
            "tags": [
                
            ],
            "ad_type": 0,
            "ad_url": "",
            "edited": "0",
            "in_gallery": false,
            "deletehash": "MJroQKe0xRhc1Tq",
            "name": "pixel.gif",
            "link": "https://i.imgur.com/G4DNCNB.png"
        },
        {
            "id": "53Z6a4d",
            "title": "1x1 Pixel",
            "description": "This is an 1x1 pixel image.",
            "datetime": 1606814271,
            "type": "image/png",
            "animated": false,
            "width": 1366,
            "height": 768,
            "size": 124081,
            "views": 0,
            "bandwidth": 0,
            "vote": null,
            "favorite": false,
            "nsfw": null,
            "section": null,
            "account_url": "ayeshayusuf",
            "account_id": 140315745,
            "is_ad": false,
            "in_most_viral": false,
            "has_sound": false,
            "tags": [
                
            ],
            "ad_type": 0,
            "ad_url": "",
            "edited": "0",
            "in_gallery": false,
            "deletehash": "tAiVThMFmTeFKeS",
            "name": "pixel.gif",
            "link": "https://i.imgur.com/53Z6a4d.png"
        },
        {
            "id": "FRO7Jf9",
            "title": "1x1 Pixel",
            "description": "This is an 1x1 pixel image.",
            "datetime": 1606812281,
            "type": "image/png",
            "animated": false,
            "width": 1366,
            "height": 768,
            "size": 124081,
            "views": 0,
            "bandwidth": 0,
            "vote": null,
            "favorite": false,
            "nsfw": null,
            "section": null,
            "account_url": "ayeshayusuf",
            "account_id": 140315745,
            "is_ad": false,
            "in_most_viral": false,
            "has_sound": false,
            "tags": [
                
            ],
            "ad_type": 0,
            "ad_url": "",
            "edited": "0",
            "in_gallery": false,
            "deletehash": "X1RXfHj78eWTLy3",
            "name": "pixel.gif",
            "link": "https://i.imgur.com/FRO7Jf9.png"
        },
        {
            "id": "PvlXnvJ",
            "title": "1x1 Pixel",
            "description": "This is an 1x1 pixel image.",
            "datetime": 1606811232,
            "type": "image/png",
            "animated": false,
            "width": 1366,
            "height": 768,
            "size": 124081,
            "views": 0,
            "bandwidth": 0,
            "vote": null,
            "favorite": false,
            "nsfw": null,
            "section": null,
            "account_url": "ayeshayusuf",
            "account_id": 140315745,
            "is_ad": false,
            "in_most_viral": false,
            "has_sound": false,
            "tags": [
                
            ],
            "ad_type": 0,
            "ad_url": "",
            "edited": "0",
            "in_gallery": false,
            "deletehash": "KipDVb6wGmDw3DM",
            "name": "pixel.gif",
            "link": "https://i.imgur.com/PvlXnvJ.png"
        },
        {
            "id": "15pLenk",
            "title": "1x1 Pixel",
            "description": "This is an 1x1 pixel image.",
            "datetime": 1606810629,
            "type": "image/png",
            "animated": false,
            "width": 1366,
            "height": 768,
            "size": 124081,
            "views": 0,
            "bandwidth": 0,
            "vote": null,
            "favorite": false,
            "nsfw": null,
            "section": null,
            "account_url": "ayeshayusuf",
            "account_id": 140315745,
            "is_ad": false,
            "in_most_viral": false,
            "has_sound": false,
            "tags": [
                
            ],
            "ad_type": 0,
            "ad_url": "",
            "edited": "0",
            "in_gallery": false,
            "deletehash": "r7m6sIDp7IfsTTm",
            "name": "pixel.gif",
            "link": "https://i.imgur.com/15pLenk.png"
        },
        {
            "id": "CVUFpDB",
            "title": "1x1 Pixel",
            "description": "This is an 1x1 pixel image.",
            "datetime": 1606810367,
            "type": "image/png",
            "animated": false,
            "width": 1366,
            "height": 768,
            "size": 124081,
            "views": 0,
            "bandwidth": 0,
            "vote": null,
            "favorite": false,
            "nsfw": null,
            "section": null,
            "account_url": "ayeshayusuf",
            "account_id": 140315745,
            "is_ad": false,
            "in_most_viral": false,
            "has_sound": false,
            "tags": [
                
            ],
            "ad_type": 0,
            "ad_url": "",
            "edited": "0",
            "in_gallery": false,
            "deletehash": "fi5qeSPwB6opF4r",
            "name": "pixel.gif",
            "link": "https://i.imgur.com/CVUFpDB.png"
        },
        {
            "id": "7LsZjDh",
            "title": "1x1 Pixel",
            "description": "This is an 1x1 pixel image.",
            "datetime": 1606809357,
            "type": "image/png",
            "animated": false,
            "width": 1366,
            "height": 768,
            "size": 124081,
            "views": 0,
            "bandwidth": 0,
            "vote": null,
            "favorite": false,
            "nsfw": null,
            "section": null,
            "account_url": "ayeshayusuf",
            "account_id": 140315745,
            "is_ad": false,
            "in_most_viral": false,
            "has_sound": false,
            "tags": [
                
            ],
            "ad_type": 0,
            "ad_url": "",
            "edited": "0",
            "in_gallery": false,
            "deletehash": "qygOf6LDVUFGIZK",
            "name": "pixel.gif",
            "link": "https://i.imgur.com/7LsZjDh.png"
        },
        {
            "id": "1DU5pOm",
            "title": "1x1 Pixel",
            "description": "This is an 1x1 pixel image.",
            "datetime": 1606807571,
            "type": "image/png",
            "animated": false,
            "width": 1366,
            "height": 768,
            "size": 124081,
            "views": 0,
            "bandwidth": 0,
            "vote": null,
            "favorite": false,
            "nsfw": null,
            "section": null,
            "account_url": "ayeshayusuf",
            "account_id": 140315745,
            "is_ad": false,
            "in_most_viral": false,
            "has_sound": false,
            "tags": [
                
            ],
            "ad_type": 0,
            "ad_url": "",
            "edited": "0",
            "in_gallery": false,
            "deletehash": "Gloi3fQcQPKwwIj",
            "name": "pixel.gif",
            "link": "https://i.imgur.com/1DU5pOm.png"
        },
        {
            "id": "mAUFU74",
            "title": "1x1 Pixel",
            "description": "This is an 1x1 pixel image.",
            "datetime": 1606746238,
            "type": "image/png",
            "animated": false,
            "width": 1366,
            "height": 768,
            "size": 124081,
            "views": 0,
            "bandwidth": 0,
            "vote": null,
            "favorite": false,
            "nsfw": null,
            "section": null,
            "account_url": "ayeshayusuf",
            "account_id": 140315745,
            "is_ad": false,
            "in_most_viral": false,
            "has_sound": false,
            "tags": [
                
            ],
            "ad_type": 0,
            "ad_url": "",
            "edited": "0",
            "in_gallery": false,
            "deletehash": "5OpN12lnp44fXSx",
            "name": "pixel.gif",
            "link": "https://i.imgur.com/mAUFU74.png"
        },
        {
            "id": "MR4qgs3",
            "title": "1x1 Pixel",
            "description": "This is an 1x1 pixel image.",
            "datetime": 1606494402,
            "type": "image/png",
            "animated": false,
            "width": 1366,
            "height": 768,
            "size": 124081,
            "views": 0,
            "bandwidth": 0,
            "vote": null,
            "favorite": false,
            "nsfw": null,
            "section": null,
            "account_url": "ayeshayusuf",
            "account_id": 140315745,
            "is_ad": false,
            "in_most_viral": false,
            "has_sound": false,
            "tags": [
                
            ],
            "ad_type": 0,
            "ad_url": "",
            "edited": "0",
            "in_gallery": false,
            "deletehash": "UtnEisbXRLdYbba",
            "name": "pixel.gif",
            "link": "https://i.imgur.com/MR4qgs3.png"
        },
        {
            "id": "1i4Cwtc",
            "title": "1x1 Pixel",
            "description": "This is an 1x1 pixel image.",
            "datetime": 1606490751,
            "type": "image/png",
            "animated": false,
            "width": 1366,
            "height": 768,
            "size": 124081,
            "views": 0,
            "bandwidth": 0,
            "vote": null,
            "favorite": false,
            "nsfw": null,
            "section": null,
            "account_url": "ayeshayusuf",
            "account_id": 140315745,
            "is_ad": false,
            "in_most_viral": false,
            "has_sound": false,
            "tags": [
                
            ],
            "ad_type": 0,
            "ad_url": "",
            "edited": "0",
            "in_gallery": false,
            "deletehash": "qiNDKies0xfoZot",
            "name": "pixel.gif",
            "link": "https://i.imgur.com/1i4Cwtc.png"
        },
        {
            "id": "K7833uW",
            "title": "1x1 Pixel",
            "description": "This is an 1x1 pixel image.",
            "datetime": 1606400821,
            "type": "image/png",
            "animated": false,
            "width": 1366,
            "height": 768,
            "size": 124081,
            "views": 0,
            "bandwidth": 0,
            "vote": null,
            "favorite": false,
            "nsfw": null,
            "section": null,
            "account_url": "ayeshayusuf",
            "account_id": 140315745,
            "is_ad": false,
            "in_most_viral": false,
            "has_sound": false,
            "tags": [
                
            ],
            "ad_type": 0,
            "ad_url": "",
            "edited": "0",
            "in_gallery": false,
            "deletehash": "T8JSsJiHl1AUPaZ",
            "name": "pixel.gif",
            "link": "https://i.imgur.com/K7833uW.png"
        },
        {
            "id": "KgGsUvk",
            "title": "1x1 Pixel",
            "description": "This is an 1x1 pixel image.",
            "datetime": 1606394330,
            "type": "image/png",
            "animated": false,
            "width": 1366,
            "height": 768,
            "size": 124081,
            "views": 0,
            "bandwidth": 0,
            "vote": null,
            "favorite": false,
            "nsfw": null,
            "section": null,
            "account_url": "ayeshayusuf",
            "account_id": 140315745,
            "is_ad": false,
            "in_most_viral": false,
            "has_sound": false,
            "tags": [
                
            ],
            "ad_type": 0,
            "ad_url": "",
            "edited": "0",
            "in_gallery": false,
            "deletehash": "1TaUbrBL8w7kJES",
            "name": "pixel.gif",
            "link": "https://i.imgur.com/KgGsUvk.png"
        },
        {
            "id": "RqTiqKG",
            "title": "1x1 Pixel",
            "description": "This is an 1x1 pixel image.",
            "datetime": 1606392211,
            "type": "image/png",
            "animated": false,
            "width": 1366,
            "height": 768,
            "size": 124081,
            "views": 0,
            "bandwidth": 0,
            "vote": null,
            "favorite": false,
            "nsfw": null,
            "section": null,
            "account_url": "ayeshayusuf",
            "account_id": 140315745,
            "is_ad": false,
            "in_most_viral": false,
            "has_sound": false,
            "tags": [
                
            ],
            "ad_type": 0,
            "ad_url": "",
            "edited": "0",
            "in_gallery": false,
            "deletehash": "1YMVQRddUtL5lyS",
            "name": "pixel.gif",
            "link": "https://i.imgur.com/RqTiqKG.png"
        },
        {
            "id": "QdIsply",
            "title": "1x1 Pixel",
            "description": "This is an 1x1 pixel image.",
            "datetime": 1605630118,
            "type": "image/png",
            "animated": false,
            "width": 1366,
            "height": 768,
            "size": 124081,
            "views": 0,
            "bandwidth": 0,
            "vote": null,
            "favorite": false,
            "nsfw": null,
            "section": null,
            "account_url": "ayeshayusuf",
            "account_id": 140315745,
            "is_ad": false,
            "in_most_viral": false,
            "has_sound": false,
            "tags": [
                
            ],
            "ad_type": 0,
            "ad_url": "",
            "edited": "0",
            "in_gallery": false,
            "deletehash": "Zcz5fmgAMkBMpnC",
            "name": "pixel.gif",
            "link": "https://i.imgur.com/QdIsply.png"
        }
    ],
    "success": true,
    "status": 200
}
{
    "data": [
        {
            "id": "WBB9rXw",
            "title": "1x1 Pixel",
            "description": "This is an 1x1 pixel image.",
            "datetime": 1608567954,
            "type": "image/jpeg",
            "animated": false,
            "width": 1500,
            "height": 747,
            "size": 142571,
            "views": 0,
            "bandwidth": 0,
            "vote": null,
            "favorite": false,
            "nsfw": null,
            "section": null,
            "account_url": "ayeshayusuf",
            "account_id": 140315745,
            "is_ad": false,
            "in_most_viral": false,
            "has_sound": false,
            "tags": [
                
            ],
            "ad_type": 0,
            "ad_url": "",
            "edited": "0",
            "in_gallery": false,
            "deletehash": "r7OBMoi91yej9eA",
            "name": "pixel.gif",
            "link": "https://i.imgur.com/WBB9rXw.jpg"
        },
        {
            "id": "txf44O7",
            "title": "1x1 Pixel",
            "description": "This is an 1x1 pixel image.",
            "datetime": 1608039092,
            "type": "image/jpeg",
            "animated": false,
            "width": 1500,
            "height": 747,
            "size": 142571,
            "views": 0,
            "bandwidth": 0,
            "vote": null,
            "favorite": false,
            "nsfw": null,
            "section": null,
            "account_url": "ayeshayusuf",
            "account_id": 140315745,
            "is_ad": false,
            "in_most_viral": false,
            "has_sound": false,
            "tags": [
                
            ],
            "ad_type": 0,
            "ad_url": "",
            "edited": "0",
            "in_gallery": false,
            "deletehash": "6Bs682wEBcXCXma",
            "name": "pixel.gif",
            "link": "https://i.imgur.com/txf44O7.jpg"
        },
        {
            "id": "06T3iRJ",
            "title": "1x1 Pixel",
            "description": "This is an 1x1 pixel image.",
            "datetime": 1607590814,
            "type": "image/jpeg",
            "animated": false,
            "width": 1500,
            "height": 747,
            "size": 142571,
            "views": 0,
            "bandwidth": 0,
            "vote": null,
            "favorite": false,
            "nsfw": null,
            "section": null,
            "account_url": "ayeshayusuf",
            "account_id": 140315745,
            "is_ad": false,
            "in_most_viral": false,
            "has_sound": false,
            "tags": [
                
            ],
            "ad_type": 0,
            "ad_url": "",
            "edited": "0",
            "in_gallery": false,
            "deletehash": "SCxGu1VoMndko5k",
            "name": "pixel.gif",
            "link": "https://i.imgur.com/06T3iRJ.jpg"
        },
        {
            "id": "2E1jFeZ",
            "title": "1x1 Pixel",
            "description": "This is an 1x1 pixel image.",
            "datetime": 1607589469,
            "type": "image/jpeg",
            "animated": false,
            "width": 1500,
            "height": 747,
            "size": 142571,
            "views": 0,
            "bandwidth": 0,
            "vote": null,
            "favorite": false,
            "nsfw": null,
            "section": null,
            "account_url": "ayeshayusuf",
            "account_id": 140315745,
            "is_ad": false,
            "in_most_viral": false,
            "has_sound": false,
            "tags": [
                
            ],
            "ad_type": 0,
            "ad_url": "",
            "edited": "0",
            "in_gallery": false,
            "deletehash": "ctSKgbsGwe5dijr",
            "name": "pixel.gif",
            "link": "https://i.imgur.com/2E1jFeZ.jpg"
        },
        {
            "id": "ExLQlru",
            "title": "1x1 Pixel",
            "description": "This is an 1x1 pixel image.",
            "datetime": 1607526045,
            "type": "image/jpeg",
            "animated": false,
            "width": 1500,
            "height": 747,
            "size": 142571,
            "views": 2,
            "bandwidth": 285142,
            "vote": null,
            "favorite": false,
            "nsfw": null,
            "section": null,
            "account_url": "ayeshayusuf",
            "account_id": 140315745,
            "is_ad": false,
            "in_most_viral": false,
            "has_sound": false,
            "tags": [
                
            ],
            "ad_type": 0,
            "ad_url": "",
            "edited": "0",
            "in_gallery": false,
            "deletehash": "mj5UKA5dUKaiQqD",
            "name": "pixel.gif",
            "link": "https://i.imgur.com/ExLQlru.jpg"
        },
        {
            "id": "D0jfXQn",
            "title": "1x1 Pixel",
            "description": "This is an 1x1 pixel image.",
            "datetime": 1607524345,
            "type": "image/jpeg",
            "animated": false,
            "width": 1500,
            "height": 747,
            "size": 142571,
            "views": 0,
            "bandwidth": 0,
            "vote": null,
            "favorite": false,
            "nsfw": null,
            "section": null,
            "account_url": "ayeshayusuf",
            "account_id": 140315745,
            "is_ad": false,
            "in_most_viral": false,
            "has_sound": false,
            "tags": [
                
            ],
            "ad_type": 0,
            "ad_url": "",
            "edited": "0",
            "in_gallery": false,
            "deletehash": "XOCgkcgM1VZMbEs",
            "name": "pixel.gif",
            "link": "https://i.imgur.com/D0jfXQn.jpg"
        },
        {
            "id": "KJkUXIC",
            "title": "1x1 Pixel",
            "description": "This is an 1x1 pixel image.",
            "datetime": 1607523026,
            "type": "image/jpeg",
            "animated": false,
            "width": 1500,
            "height": 747,
            "size": 142571,
            "views": 0,
            "bandwidth": 0,
            "vote": null,
            "favorite": false,
            "nsfw": null,
            "section": null,
            "account_url": "ayeshayusuf",
            "account_id": 140315745,
            "is_ad": false,
            "in_most_viral": false,
            "has_sound": false,
            "tags": [
                
            ],
            "ad_type": 0,
            "ad_url": "",
            "edited": "0",
            "in_gallery": false,
            "deletehash": "dzggdEFrXaUuszH",
            "name": "pixel.gif",
            "link": "https://i.imgur.com/KJkUXIC.jpg"
        },
        {
            "id": "ejysr0A",
            "title": "1x1 Pixel",
            "description": "This is an 1x1 pixel image.",
            "datetime": 1606836299,
            "type": "image/png",
            "animated": false,
            "width": 1366,
            "height": 768,
            "size": 124081,
            "views": 0,
            "bandwidth": 0,
            "vote": null,
            "favorite": false,
            "nsfw": null,
            "section": null,
            "account_url": "ayeshayusuf",
            "account_id": 140315745,
            "is_ad": false,
            "in_most_viral": false,
            "has_sound": false,
            "tags": [
                
            ],
            "ad_type": 0,
            "ad_url": "",
            "edited": "0",
            "in_gallery": false,
            "deletehash": "uwuZTNZetJqswHM",
            "name": "pixel.gif",
            "link": "https://i.imgur.com/ejysr0A.png"
        },
        {
            "id": "GzkJ0UC",
            "title": "1x1 Pixel",
            "description": "This is an 1x1 pixel image.",
            "datetime": 1606835991,
            "type": "image/png",
            "animated": false,
            "width": 1366,
            "height": 768,
            "size": 124081,
            "views": 0,
            "bandwidth": 0,
            "vote": null,
            "favorite": false,
            "nsfw": null,
            "section": null,
            "account_url": "ayeshayusuf",
            "account_id": 140315745,
            "is_ad": false,
            "in_most_viral": false,
            "has_sound": false,
            "tags": [
                
            ],
            "ad_type": 0,
            "ad_url": "",
            "edited": "0",
            "in_gallery": false,
            "deletehash": "jqyhbPFmhqEx2SX",
            "name": "pixel.gif",
            "link": "https://i.imgur.com/GzkJ0UC.png"
        },
        {
            "id": "wfYzh0j",
            "title": "1x1 Pixel",
            "description": "This is an 1x1 pixel image.",
            "datetime": 1606835911,
            "type": "image/png",
            "animated": false,
            "width": 1366,
            "height": 768,
            "size": 124081,
            "views": 0,
            "bandwidth": 0,
            "vote": null,
            "favorite": false,
            "nsfw": null,
            "section": null,
            "account_url": "ayeshayusuf",
            "account_id": 140315745,
            "is_ad": false,
            "in_most_viral": false,
            "has_sound": false,
            "tags": [
                
            ],
            "ad_type": 0,
            "ad_url": "",
            "edited": "0",
            "in_gallery": false,
            "deletehash": "3qZKjWBXG60Lv4D",
            "name": "pixel.gif",
            "link": "https://i.imgur.com/wfYzh0j.png"
        },
        {
            "id": "Gs3nIIm",
            "title": "1x1 Pixel",
            "description": "This is an 1x1 pixel image.",
            "datetime": 1606835721,
            "type": "image/png",
            "animated": false,
            "width": 1366,
            "height": 768,
            "size": 124081,
            "views": 0,
            "bandwidth": 0,
            "vote": null,
            "favorite": false,
            "nsfw": null,
            "section": null,
            "account_url": "ayeshayusuf",
            "account_id": 140315745,
            "is_ad": false,
            "in_most_viral": false,
            "has_sound": false,
            "tags": [
                
            ],
            "ad_type": 0,
            "ad_url": "",
            "edited": "0",
            "in_gallery": false,
            "deletehash": "WJ6H9reUbr51IGn",
            "name": "pixel.gif",
            "link": "https://i.imgur.com/Gs3nIIm.png"
        },
        {
            "id": "ObRQDba",
            "title": "1x1 Pixel",
            "description": "This is an 1x1 pixel image.",
            "datetime": 1606834386,
            "type": "image/png",
            "animated": false,
            "width": 1366,
            "height": 768,
            "size": 124081,
            "views": 0,
            "bandwidth": 0,
            "vote": null,
            "favorite": false,
            "nsfw": null,
            "section": null,
            "account_url": "ayeshayusuf",
            "account_id": 140315745,
            "is_ad": false,
            "in_most_viral": false,
            "has_sound": false,
            "tags": [
                
            ],
            "ad_type": 0,
            "ad_url": "",
            "edited": "0",
            "in_gallery": false,
            "deletehash": "V1zkYTbL0s9mRFo",
            "name": "pixel.gif",
            "link": "https://i.imgur.com/ObRQDba.png"
        },
        {
            "id": "tWq8XvA",
            "title": "1x1 Pixel",
            "description": "This is an 1x1 pixel image.",
            "datetime": 1606829075,
            "type": "image/png",
            "animated": false,
            "width": 1366,
            "height": 768,
            "size": 124081,
            "views": 0,
            "bandwidth": 0,
            "vote": null,
            "favorite": false,
            "nsfw": null,
            "section": null,
            "account_url": "ayeshayusuf",
            "account_id": 140315745,
            "is_ad": false,
            "in_most_viral": false,
            "has_sound": false,
            "tags": [
                
            ],
            "ad_type": 0,
            "ad_url": "",
            "edited": "0",
            "in_gallery": false,
            "deletehash": "mwSj6DgfhlJOd2B",
            "name": "pixel.gif",
            "link": "https://i.imgur.com/tWq8XvA.png"
        },
        {
            "id": "klFxsxy",
            "title": "1x1 Pixel",
            "description": "This is an 1x1 pixel image.",
            "datetime": 1606826978,
            "type": "image/png",
            "animated": false,
            "width": 1366,
            "height": 768,
            "size": 124081,
            "views": 0,
            "bandwidth": 0,
            "vote": null,
            "favorite": false,
            "nsfw": null,
            "section": null,
            "account_url": "ayeshayusuf",
            "account_id": 140315745,
            "is_ad": false,
            "in_most_viral": false,
            "has_sound": false,
            "tags": [
                
            ],
            "ad_type": 0,
            "ad_url": "",
            "edited": "0",
            "in_gallery": false,
            "deletehash": "DsYslQZnlPh87RW",
            "name": "pixel.gif",
            "link": "https://i.imgur.com/klFxsxy.png"
        },
        {
            "id": "gPqZWtD",
            "title": "1x1 Pixel",
            "description": "This is an 1x1 pixel image.",
            "datetime": 1606826773,
            "type": "image/png",
            "animated": false,
            "width": 1366,
            "height": 768,
            "size": 124081,
            "views": 0,
            "bandwidth": 0,
            "vote": null,
            "favorite": false,
            "nsfw": null,
            "section": null,
            "account_url": "ayeshayusuf",
            "account_id": 140315745,
            "is_ad": false,
            "in_most_viral": false,
            "has_sound": false,
            "tags": [
                
            ],
            "ad_type": 0,
            "ad_url": "",
            "edited": "0",
            "in_gallery": false,
            "deletehash": "SBKAocrXmzOIaIm",
            "name": "pixel.gif",
            "link": "https://i.imgur.com/gPqZWtD.png"
        },
        {
            "id": "v7QKS8R",
            "title": "1x1 Pixel",
            "description": "This is an 1x1 pixel image.",
            "datetime": 1606816390,
            "type": "image/png",
            "animated": false,
            "width": 1366,
            "height": 768,
            "size": 124081,
            "views": 0,
            "bandwidth": 0,
            "vote": null,
            "favorite": false,
            "nsfw": null,
            "section": null,
            "account_url": "ayeshayusuf",
            "account_id": 140315745,
            "is_ad": false,
            "in_most_viral": false,
            "has_sound": false,
            "tags": [
                
            ],
            "ad_type": 0,
            "ad_url": "",
            "edited": "0",
            "in_gallery": false,
            "deletehash": "6QAspWOsrYPCeex",
            "name": "pixel.gif",
            "link": "https://i.imgur.com/v7QKS8R.png"
        },
        {
            "id": "G4DNCNB",
            "title": "1x1 Pixel",
            "description": "This is an 1x1 pixel image.",
            "datetime": 1606814789,
            "type": "image/png",
            "animated": false,
            "width": 1366,
            "height": 768,
            "size": 124081,
            "views": 0,
            "bandwidth": 0,
            "vote": null,
            "favorite": false,
            "nsfw": null,
            "section": null,
            "account_url": "ayeshayusuf",
            "account_id": 140315745,
            "is_ad": false,
            "in_most_viral": false,
            "has_sound": false,
            "tags": [
                
            ],
            "ad_type": 0,
            "ad_url": "",
            "edited": "0",
            "in_gallery": false,
            "deletehash": "MJroQKe0xRhc1Tq",
            "name": "pixel.gif",
            "link": "https://i.imgur.com/G4DNCNB.png"
        },
        {
            "id": "53Z6a4d",
            "title": "1x1 Pixel",
            "description": "This is an 1x1 pixel image.",
            "datetime": 1606814271,
            "type": "image/png",
            "animated": false,
            "width": 1366,
            "height": 768,
            "size": 124081,
            "views": 0,
            "bandwidth": 0,
            "vote": null,
            "favorite": false,
            "nsfw": null,
            "section": null,
            "account_url": "ayeshayusuf",
            "account_id": 140315745,
            "is_ad": false,
            "in_most_viral": false,
            "has_sound": false,
            "tags": [
                
            ],
            "ad_type": 0,
            "ad_url": "",
            "edited": "0",
            "in_gallery": false,
            "deletehash": "tAiVThMFmTeFKeS",
            "name": "pixel.gif",
            "link": "https://i.imgur.com/53Z6a4d.png"
        },
        {
            "id": "FRO7Jf9",
            "title": "1x1 Pixel",
            "description": "This is an 1x1 pixel image.",
            "datetime": 1606812281,
            "type": "image/png",
            "animated": false,
            "width": 1366,
            "height": 768,
            "size": 124081,
            "views": 0,
            "bandwidth": 0,
            "vote": null,
            "favorite": false,
            "nsfw": null,
            "section": null,
            "account_url": "ayeshayusuf",
            "account_id": 140315745,
            "is_ad": false,
            "in_most_viral": false,
            "has_sound": false,
            "tags": [
                
            ],
            "ad_type": 0,
            "ad_url": "",
            "edited": "0",
            "in_gallery": false,
            "deletehash": "X1RXfHj78eWTLy3",
            "name": "pixel.gif",
            "link": "https://i.imgur.com/FRO7Jf9.png"
        },
        {
            "id": "PvlXnvJ",
            "title": "1x1 Pixel",
            "description": "This is an 1x1 pixel image.",
            "datetime": 1606811232,
            "type": "image/png",
            "animated": false,
            "width": 1366,
            "height": 768,
            "size": 124081,
            "views": 0,
            "bandwidth": 0,
            "vote": null,
            "favorite": false,
            "nsfw": null,
            "section": null,
            "account_url": "ayeshayusuf",
            "account_id": 140315745,
            "is_ad": false,
            "in_most_viral": false,
            "has_sound": false,
            "tags": [
                
            ],
            "ad_type": 0,
            "ad_url": "",
            "edited": "0",
            "in_gallery": false,
            "deletehash": "KipDVb6wGmDw3DM",
            "name": "pixel.gif",
            "link": "https://i.imgur.com/PvlXnvJ.png"
        },
        {
            "id": "15pLenk",
            "title": "1x1 Pixel",
            "description": "This is an 1x1 pixel image.",
            "datetime": 1606810629,
            "type": "image/png",
            "animated": false,
            "width": 1366,
            "height": 768,
            "size": 124081,
            "views": 0,
            "bandwidth": 0,
            "vote": null,
            "favorite": false,
            "nsfw": null,
            "section": null,
            "account_url": "ayeshayusuf",
            "account_id": 140315745,
            "is_ad": false,
            "in_most_viral": false,
            "has_sound": false,
            "tags": [
                
            ],
            "ad_type": 0,
            "ad_url": "",
            "edited": "0",
            "in_gallery": false,
            "deletehash": "r7m6sIDp7IfsTTm",
            "name": "pixel.gif",
            "link": "https://i.imgur.com/15pLenk.png"
        },
        {
            "id": "CVUFpDB",
            "title": "1x1 Pixel",
            "description": "This is an 1x1 pixel image.",
            "datetime": 1606810367,
            "type": "image/png",
            "animated": false,
            "width": 1366,
            "height": 768,
            "size": 124081,
            "views": 0,
            "bandwidth": 0,
            "vote": null,
            "favorite": false,
            "nsfw": null,
            "section": null,
            "account_url": "ayeshayusuf",
            "account_id": 140315745,
            "is_ad": false,
            "in_most_viral": false,
            "has_sound": false,
            "tags": [
                
            ],
            "ad_type": 0,
            "ad_url": "",
            "edited": "0",
            "in_gallery": false,
            "deletehash": "fi5qeSPwB6opF4r",
            "name": "pixel.gif",
            "link": "https://i.imgur.com/CVUFpDB.png"
        },
        {
            "id": "7LsZjDh",
            "title": "1x1 Pixel",
            "description": "This is an 1x1 pixel image.",
            "datetime": 1606809357,
            "type": "image/png",
            "animated": false,
            "width": 1366,
            "height": 768,
            "size": 124081,
            "views": 0,
            "bandwidth": 0,
            "vote": null,
            "favorite": false,
            "nsfw": null,
            "section": null,
            "account_url": "ayeshayusuf",
            "account_id": 140315745,
            "is_ad": false,
            "in_most_viral": false,
            "has_sound": false,
            "tags": [
                
            ],
            "ad_type": 0,
            "ad_url": "",
            "edited": "0",
            "in_gallery": false,
            "deletehash": "qygOf6LDVUFGIZK",
            "name": "pixel.gif",
            "link": "https://i.imgur.com/7LsZjDh.png"
        },
        {
            "id": "1DU5pOm",
            "title": "1x1 Pixel",
            "description": "This is an 1x1 pixel image.",
            "datetime": 1606807571,
            "type": "image/png",
            "animated": false,
            "width": 1366,
            "height": 768,
            "size": 124081,
            "views": 0,
            "bandwidth": 0,
            "vote": null,
            "favorite": false,
            "nsfw": null,
            "section": null,
            "account_url": "ayeshayusuf",
            "account_id": 140315745,
            "is_ad": false,
            "in_most_viral": false,
            "has_sound": false,
            "tags": [
                
            ],
            "ad_type": 0,
            "ad_url": "",
            "edited": "0",
            "in_gallery": false,
            "deletehash": "Gloi3fQcQPKwwIj",
            "name": "pixel.gif",
            "link": "https://i.imgur.com/1DU5pOm.png"
        },
        {
            "id": "mAUFU74",
            "title": "1x1 Pixel",
            "description": "This is an 1x1 pixel image.",
            "datetime": 1606746238,
            "type": "image/png",
            "animated": false,
            "width": 1366,
            "height": 768,
            "size": 124081,
            "views": 0,
            "bandwidth": 0,
            "vote": null,
            "favorite": false,
            "nsfw": null,
            "section": null,
            "account_url": "ayeshayusuf",
            "account_id": 140315745,
            "is_ad": false,
            "in_most_viral": false,
            "has_sound": false,
            "tags": [
                
            ],
            "ad_type": 0,
            "ad_url": "",
            "edited": "0",
            "in_gallery": false,
            "deletehash": "5OpN12lnp44fXSx",
            "name": "pixel.gif",
            "link": "https://i.imgur.com/mAUFU74.png"
        },
        {
            "id": "MR4qgs3",
            "title": "1x1 Pixel",
            "description": "This is an 1x1 pixel image.",
            "datetime": 1606494402,
            "type": "image/png",
            "animated": false,
            "width": 1366,
            "height": 768,
            "size": 124081,
            "views": 0,
            "bandwidth": 0,
            "vote": null,
            "favorite": false,
            "nsfw": null,
            "section": null,
            "account_url": "ayeshayusuf",
            "account_id": 140315745,
            "is_ad": false,
            "in_most_viral": false,
            "has_sound": false,
            "tags": [
                
            ],
            "ad_type": 0,
            "ad_url": "",
            "edited": "0",
            "in_gallery": false,
            "deletehash": "UtnEisbXRLdYbba",
            "name": "pixel.gif",
            "link": "https://i.imgur.com/MR4qgs3.png"
        },
        {
            "id": "1i4Cwtc",
            "title": "1x1 Pixel",
            "description": "This is an 1x1 pixel image.",
            "datetime": 1606490751,
            "type": "image/png",
            "animated": false,
            "width": 1366,
            "height": 768,
            "size": 124081,
            "views": 0,
            "bandwidth": 0,
            "vote": null,
            "favorite": false,
            "nsfw": null,
            "section": null,
            "account_url": "ayeshayusuf",
            "account_id": 140315745,
            "is_ad": false,
            "in_most_viral": false,
            "has_sound": false,
            "tags": [
                
            ],
            "ad_type": 0,
            "ad_url": "",
            "edited": "0",
            "in_gallery": false,
            "deletehash": "qiNDKies0xfoZot",
            "name": "pixel.gif",
            "link": "https://i.imgur.com/1i4Cwtc.png"
        },
        {
            "id": "K7833uW",
            "title": "1x1 Pixel",
            "description": "This is an 1x1 pixel image.",
            "datetime": 1606400821,
            "type": "image/png",
            "animated": false,
            "width": 1366,
            "height": 768,
            "size": 124081,
            "views": 0,
            "bandwidth": 0,
            "vote": null,
            "favorite": false,
            "nsfw": null,
            "section": null,
            "account_url": "ayeshayusuf",
            "account_id": 140315745,
            "is_ad": false,
            "in_most_viral": false,
            "has_sound": false,
            "tags": [
                
            ],
            "ad_type": 0,
            "ad_url": "",
            "edited": "0",
            "in_gallery": false,
            "deletehash": "T8JSsJiHl1AUPaZ",
            "name": "pixel.gif",
            "link": "https://i.imgur.com/K7833uW.png"
        },
        {
            "id": "KgGsUvk",
            "title": "1x1 Pixel",
            "description": "This is an 1x1 pixel image.",
            "datetime": 1606394330,
            "type": "image/png",
            "animated": false,
            "width": 1366,
            "height": 768,
            "size": 124081,
            "views": 0,
            "bandwidth": 0,
            "vote": null,
            "favorite": false,
            "nsfw": null,
            "section": null,
            "account_url": "ayeshayusuf",
            "account_id": 140315745,
            "is_ad": false,
            "in_most_viral": false,
            "has_sound": false,
            "tags": [
                
            ],
            "ad_type": 0,
            "ad_url": "",
            "edited": "0",
            "in_gallery": false,
            "deletehash": "1TaUbrBL8w7kJES",
            "name": "pixel.gif",
            "link": "https://i.imgur.com/KgGsUvk.png"
        },
        {
            "id": "RqTiqKG",
            "title": "1x1 Pixel",
            "description": "This is an 1x1 pixel image.",
            "datetime": 1606392211,
            "type": "image/png",
            "animated": false,
            "width": 1366,
            "height": 768,
            "size": 124081,
            "views": 0,
            "bandwidth": 0,
            "vote": null,
            "favorite": false,
            "nsfw": null,
            "section": null,
            "account_url": "ayeshayusuf",
            "account_id": 140315745,
            "is_ad": false,
            "in_most_viral": false,
            "has_sound": false,
            "tags": [
                
            ],
            "ad_type": 0,
            "ad_url": "",
            "edited": "0",
            "in_gallery": false,
            "deletehash": "1YMVQRddUtL5lyS",
            "name": "pixel.gif",
            "link": "https://i.imgur.com/RqTiqKG.png"
        },
        {
            "id": "QdIsply",
            "title": "1x1 Pixel",
            "description": "This is an 1x1 pixel image.",
            "datetime": 1605630118,
            "type": "image/png",
            "animated": false,
            "width": 1366,
            "height": 768,
            "size": 124081,
            "views": 0,
            "bandwidth": 0,
            "vote": null,
            "favorite": false,
            "nsfw": null,
            "section": null,
            "account_url": "ayeshayusuf",
            "account_id": 140315745,
            "is_ad": false,
            "in_most_viral": false,
            "has_sound": false,
            "tags": [
                
            ],
            "ad_type": 0,
            "ad_url": "",
            "edited": "0",
            "in_gallery": false,
            "deletehash": "Zcz5fmgAMkBMpnC",
            "name": "pixel.gif",
            "link": "https://i.imgur.com/QdIsply.png"
        }
    ],
    "success": true,
    "status": 200
}
getAccountImageTest passed!
I am in onTestSuccess method getAccountImageTest succeed
]]></system-out>
  </testcase>
  <testcase name="uploadImagePostAPITest" classname="com.qa.api.gorest.tests.GetImgurAPITest" time="3.94">
    <system-out><![CDATA[uploadImagePostAPITest started!
I am in onTestStart method uploadImagePostAPITest start
I am in onTestStart method uploadImagePostAPITest start
{"name":"pixel.gif","description":"This is an 1x1 pixel image.","title":"1x1 Pixel"}
Request method:	POST
Request URI:	https://api.imgur.com/3/upload
Proxy:			<none>
Request params:	<none>
Query params:	<none>
Form params:	name=pixel.gif
				description=This is an 1x1 pixel image.
				title=1x1 Pixel
Path params:	<none>
Headers:		Authorization=Bearer e349b6394dc4c4b25f4873150a24006db2d989f0
				Accept=*/*
				Content-Type=multipart/form-data
Cookies:		<none>
Multiparts:		------------
				Content-Disposition: form-data; name = image; filename = flowers.jpg
				Content-Type: application/octet-stream

				C:\Users\ayesh\OneDrive\Desktop\flowers.jpg
Body:
{"name":"pixel.gif","description":"This is an 1x1 pixel image.","title":"1x1 Pixel"}
200
{
    "status": 200,
    "success": true,
    "data": {
        "id": "KrTZOQa",
        "deletehash": "tHM7EyZs2CIGI0g",
        "account_id": 140315745,
        "account_url": "ayeshayusuf",
        "ad_type": null,
        "ad_url": null,
        "title": "1x1 Pixel",
        "description": "This is an 1x1 pixel image.",
        "name": "pixel.gif",
        "type": "image/jpeg",
        "width": 1500,
        "height": 747,
        "size": 142571,
        "views": 0,
        "section": null,
        "vote": null,
        "bandwidth": 0,
        "animated": false,
        "favorite": false,
        "in_gallery": false,
        "in_most_viral": false,
[...]
            "edited": "0",
            "in_gallery": false,
            "deletehash": "6QAspWOsrYPCeex",
            "name": "pixel.gif",
            "link": "https://i.imgur.com/v7QKS8R.png"
        },
        {
            "id": "G4DNCNB",
            "title": "1x1 Pixel",
            "description": "This is an 1x1 pixel image.",
            "datetime": 1606814789,
            "type": "image/png",
            "animated": false,
            "width": 1366,
            "height": 768,
            "size": 124081,
            "views": 0,
            "bandwidth": 0,
            "vote": null,
            "favorite": false,
            "nsfw": null,
            "section": null,
            "account_url": "ayeshayusuf",
            "account_id": 140315745,
            "is_ad": false,
            "in_most_viral": false,
            "has_sound": false,
            "tags": [
                
            ],
            "ad_type": 0,
            "ad_url": "",
            "edited": "0",
            "in_gallery": false,
            "deletehash": "MJroQKe0xRhc1Tq",
            "name": "pixel.gif",
            "link": "https://i.imgur.com/G4DNCNB.png"
        },
        {
            "id": "53Z6a4d",
            "title": "1x1 Pixel",
            "description": "This is an 1x1 pixel image.",
            "datetime": 1606814271,
            "type": "image/png",
            "animated": false,
            "width": 1366,
            "height": 768,
            "size": 124081,
            "views": 0,
            "bandwidth": 0,
            "vote": null,
            "favorite": false,
            "nsfw": null,
            "section": null,
            "account_url": "ayeshayusuf",
            "account_id": 140315745,
            "is_ad": false,
            "in_most_viral": false,
            "has_sound": false,
            "tags": [
                
            ],
            "ad_type": 0,
            "ad_url": "",
            "edited": "0",
            "in_gallery": false,
            "deletehash": "tAiVThMFmTeFKeS",
            "name": "pixel.gif",
            "link": "https://i.imgur.com/53Z6a4d.png"
        },
        {
            "id": "FRO7Jf9",
            "title": "1x1 Pixel",
            "description": "This is an 1x1 pixel image.",
            "datetime": 1606812281,
            "type": "image/png",
            "animated": false,
            "width": 1366,
            "height": 768,
            "size": 124081,
            "views": 0,
            "bandwidth": 0,
            "vote": null,
            "favorite": false,
            "nsfw": null,
            "section": null,
            "account_url": "ayeshayusuf",
            "account_id": 140315745,
            "is_ad": false,
            "in_most_viral": false,
            "has_sound": false,
            "tags": [
                
            ],
            "ad_type": 0,
            "ad_url": "",
            "edited": "0",
            "in_gallery": false,
            "deletehash": "X1RXfHj78eWTLy3",
            "name": "pixel.gif",
            "link": "https://i.imgur.com/FRO7Jf9.png"
        },
        {
            "id": "PvlXnvJ",
            "title": "1x1 Pixel",
            "description": "This is an 1x1 pixel image.",
            "datetime": 1606811232,
            "type": "image/png",
            "animated": false,
            "width": 1366,
            "height": 768,
            "size": 124081,
            "views": 0,
            "bandwidth": 0,
            "vote": null,
            "favorite": false,
            "nsfw": null,
            "section": null,
            "account_url": "ayeshayusuf",
            "account_id": 140315745,
            "is_ad": false,
            "in_most_viral": false,
            "has_sound": false,
            "tags": [
                
            ],
            "ad_type": 0,
            "ad_url": "",
            "edited": "0",
            "in_gallery": false,
            "deletehash": "KipDVb6wGmDw3DM",
            "name": "pixel.gif",
            "link": "https://i.imgur.com/PvlXnvJ.png"
        },
        {
            "id": "15pLenk",
            "title": "1x1 Pixel",
            "description": "This is an 1x1 pixel image.",
            "datetime": 1606810629,
            "type": "image/png",
            "animated": false,
            "width": 1366,
            "height": 768,
            "size": 124081,
            "views": 0,
            "bandwidth": 0,
            "vote": null,
            "favorite": false,
            "nsfw": null,
            "section": null,
            "account_url": "ayeshayusuf",
            "account_id": 140315745,
            "is_ad": false,
            "in_most_viral": false,
            "has_sound": false,
            "tags": [
                
            ],
            "ad_type": 0,
            "ad_url": "",
            "edited": "0",
            "in_gallery": false,
            "deletehash": "r7m6sIDp7IfsTTm",
            "name": "pixel.gif",
            "link": "https://i.imgur.com/15pLenk.png"
        },
        {
            "id": "CVUFpDB",
            "title": "1x1 Pixel",
            "description": "This is an 1x1 pixel image.",
            "datetime": 1606810367,
            "type": "image/png",
            "animated": false,
            "width": 1366,
            "height": 768,
            "size": 124081,
            "views": 0,
            "bandwidth": 0,
            "vote": null,
            "favorite": false,
            "nsfw": null,
            "section": null,
            "account_url": "ayeshayusuf",
            "account_id": 140315745,
            "is_ad": false,
            "in_most_viral": false,
            "has_sound": false,
            "tags": [
                
            ],
            "ad_type": 0,
            "ad_url": "",
            "edited": "0",
            "in_gallery": false,
            "deletehash": "fi5qeSPwB6opF4r",
            "name": "pixel.gif",
            "link": "https://i.imgur.com/CVUFpDB.png"
        },
        {
            "id": "7LsZjDh",
            "title": "1x1 Pixel",
            "description": "This is an 1x1 pixel image.",
            "datetime": 1606809357,
            "type": "image/png",
            "animated": false,
            "width": 1366,
            "height": 768,
            "size": 124081,
            "views": 0,
            "bandwidth": 0,
            "vote": null,
            "favorite": false,
            "nsfw": null,
            "section": null,
            "account_url": "ayeshayusuf",
            "account_id": 140315745,
            "is_ad": false,
            "in_most_viral": false,
            "has_sound": false,
            "tags": [
                
            ],
            "ad_type": 0,
            "ad_url": "",
            "edited": "0",
            "in_gallery": false,
            "deletehash": "qygOf6LDVUFGIZK",
            "name": "pixel.gif",
            "link": "https://i.imgur.com/7LsZjDh.png"
        },
        {
            "id": "1DU5pOm",
            "title": "1x1 Pixel",
            "description": "This is an 1x1 pixel image.",
            "datetime": 1606807571,
            "type": "image/png",
            "animated": false,
            "width": 1366,
            "height": 768,
            "size": 124081,
            "views": 0,
            "bandwidth": 0,
            "vote": null,
            "favorite": false,
            "nsfw": null,
            "section": null,
            "account_url": "ayeshayusuf",
            "account_id": 140315745,
            "is_ad": false,
            "in_most_viral": false,
            "has_sound": false,
            "tags": [
                
            ],
            "ad_type": 0,
            "ad_url": "",
            "edited": "0",
            "in_gallery": false,
            "deletehash": "Gloi3fQcQPKwwIj",
            "name": "pixel.gif",
            "link": "https://i.imgur.com/1DU5pOm.png"
        },
        {
            "id": "mAUFU74",
            "title": "1x1 Pixel",
            "description": "This is an 1x1 pixel image.",
            "datetime": 1606746238,
            "type": "image/png",
            "animated": false,
            "width": 1366,
            "height": 768,
            "size": 124081,
            "views": 0,
            "bandwidth": 0,
            "vote": null,
            "favorite": false,
            "nsfw": null,
            "section": null,
            "account_url": "ayeshayusuf",
            "account_id": 140315745,
            "is_ad": false,
            "in_most_viral": false,
            "has_sound": false,
            "tags": [
                
            ],
            "ad_type": 0,
            "ad_url": "",
            "edited": "0",
            "in_gallery": false,
            "deletehash": "5OpN12lnp44fXSx",
            "name": "pixel.gif",
            "link": "https://i.imgur.com/mAUFU74.png"
        },
        {
            "id": "MR4qgs3",
            "title": "1x1 Pixel",
            "description": "This is an 1x1 pixel image.",
            "datetime": 1606494402,
            "type": "image/png",
            "animated": false,
            "width": 1366,
            "height": 768,
            "size": 124081,
            "views": 0,
            "bandwidth": 0,
            "vote": null,
            "favorite": false,
            "nsfw": null,
            "section": null,
            "account_url": "ayeshayusuf",
            "account_id": 140315745,
            "is_ad": false,
            "in_most_viral": false,
            "has_sound": false,
            "tags": [
                
            ],
            "ad_type": 0,
            "ad_url": "",
            "edited": "0",
            "in_gallery": false,
            "deletehash": "UtnEisbXRLdYbba",
            "name": "pixel.gif",
            "link": "https://i.imgur.com/MR4qgs3.png"
        },
        {
            "id": "1i4Cwtc",
            "title": "1x1 Pixel",
            "description": "This is an 1x1 pixel image.",
            "datetime": 1606490751,
            "type": "image/png",
            "animated": false,
            "width": 1366,
            "height": 768,
            "size": 124081,
            "views": 0,
            "bandwidth": 0,
            "vote": null,
            "favorite": false,
            "nsfw": null,
            "section": null,
            "account_url": "ayeshayusuf",
            "account_id": 140315745,
            "is_ad": false,
            "in_most_viral": false,
            "has_sound": false,
            "tags": [
                
            ],
            "ad_type": 0,
            "ad_url": "",
            "edited": "0",
            "in_gallery": false,
            "deletehash": "qiNDKies0xfoZot",
            "name": "pixel.gif",
            "link": "https://i.imgur.com/1i4Cwtc.png"
        },
        {
            "id": "K7833uW",
            "title": "1x1 Pixel",
            "description": "This is an 1x1 pixel image.",
            "datetime": 1606400821,
            "type": "image/png",
            "animated": false,
            "width": 1366,
            "height": 768,
            "size": 124081,
            "views": 0,
            "bandwidth": 0,
            "vote": null,
            "favorite": false,
            "nsfw": null,
            "section": null,
            "account_url": "ayeshayusuf",
            "account_id": 140315745,
            "is_ad": false,
            "in_most_viral": false,
            "has_sound": false,
            "tags": [
                
            ],
            "ad_type": 0,
            "ad_url": "",
            "edited": "0",
            "in_gallery": false,
            "deletehash": "T8JSsJiHl1AUPaZ",
            "name": "pixel.gif",
            "link": "https://i.imgur.com/K7833uW.png"
        },
        {
            "id": "KgGsUvk",
            "title": "1x1 Pixel",
            "description": "This is an 1x1 pixel image.",
            "datetime": 1606394330,
            "type": "image/png",
            "animated": false,
            "width": 1366,
            "height": 768,
            "size": 124081,
            "views": 0,
            "bandwidth": 0,
            "vote": null,
            "favorite": false,
            "nsfw": null,
            "section": null,
            "account_url": "ayeshayusuf",
            "account_id": 140315745,
            "is_ad": false,
            "in_most_viral": false,
            "has_sound": false,
            "tags": [
                
            ],
            "ad_type": 0,
            "ad_url": "",
            "edited": "0",
            "in_gallery": false,
            "deletehash": "1TaUbrBL8w7kJES",
            "name": "pixel.gif",
            "link": "https://i.imgur.com/KgGsUvk.png"
        },
        {
            "id": "RqTiqKG",
            "title": "1x1 Pixel",
            "description": "This is an 1x1 pixel image.",
            "datetime": 1606392211,
            "type": "image/png",
            "animated": false,
            "width": 1366,
            "height": 768,
            "size": 124081,
            "views": 0,
            "bandwidth": 0,
            "vote": null,
            "favorite": false,
            "nsfw": null,
            "section": null,
            "account_url": "ayeshayusuf",
            "account_id": 140315745,
            "is_ad": false,
            "in_most_viral": false,
            "has_sound": false,
            "tags": [
                
            ],
            "ad_type": 0,
            "ad_url": "",
            "edited": "0",
            "in_gallery": false,
            "deletehash": "1YMVQRddUtL5lyS",
            "name": "pixel.gif",
            "link": "https://i.imgur.com/RqTiqKG.png"
        },
        {
            "id": "QdIsply",
            "title": "1x1 Pixel",
            "description": "This is an 1x1 pixel image.",
            "datetime": 1605630118,
            "type": "image/png",
            "animated": false,
            "width": 1366,
            "height": 768,
            "size": 124081,
            "views": 0,
            "bandwidth": 0,
            "vote": null,
            "favorite": false,
            "nsfw": null,
            "section": null,
            "account_url": "ayeshayusuf",
            "account_id": 140315745,
            "is_ad": false,
            "in_most_viral": false,
            "has_sound": false,
            "tags": [
                
            ],
            "ad_type": 0,
            "ad_url": "",
            "edited": "0",
            "in_gallery": false,
            "deletehash": "Zcz5fmgAMkBMpnC",
            "name": "pixel.gif",
            "link": "https://i.imgur.com/QdIsply.png"
        }
    ],
    "success": true,
    "status": 200
}
getAccountImageTest passed!
I am in onTestSuccess method getAccountImageTest succeed
]]></system-out>
  </testcase>
  <testcase name="uploadImagePostAPITest" classname="com.qa.api.gorest.tests.GetImgurAPITest2" time="2.372">
    <system-out><![CDATA[uploadImagePostAPITest started!
I am in onTestStart method uploadImagePostAPITest start
I am in onTestStart method uploadImagePostAPITest start
{"name":"pixel.gif","description":"This is an 1x1 pixel image.","title":"1x1 Pixel"}
Request method:	POST
Request URI:	https://api.imgur.com/3/upload
Proxy:			<none>
Request params:	<none>
Query params:	<none>
Form params:	name=pixel.gif
				description=This is an 1x1 pixel image.
				title=1x1 Pixel
Path params:	<none>
Headers:		Authorization=Client-ID 787df17940b0441
				Accept=*/*
				Content-Type=multipart/form-data
Cookies:		<none>
Multiparts:		------------
				Content-Disposition: form-data; name = image; filename = flowers.jpg
				Content-Type: application/octet-stream

				C:\Users\ayesh\OneDrive\Desktop\flowers.jpg
Body:
{"name":"pixel.gif","description":"This is an 1x1 pixel image.","title":"1x1 Pixel"}
200
{
    "status": 200,
    "success": true,
    "data": {
        "id": "xyBIspv",
        "deletehash": "MzmerXJ3iMWxM6w",
        "account_id": null,
        "account_url": null,
        "ad_type": null,
        "ad_url": null,
        "title": "1x1 Pixel",
        "description": "This is an 1x1 pixel image.",
        "name": "pixel.gif",
        "type": "image/jpeg",
        "width": 1500,
        "height": 747,
        "size": 142571,
        "views": 0,
        "section": null,
        "vote": null,
        "bandwidth": 0,
        "animated": false,
        "favorite": false,
        "in_gallery": false,
        "in_most_viral": false,
        "has_sound": false,
        "is_ad": false,
        "nsfw": null,
        "link": "https://i.imgur.com/xyBIspv.jpeg",
        "tags": [
            
        ],
        "datetime": 1609164017,
        "mp4": "",
        "hls": ""
    }
}
{
    "status": 200,
    "success": true,
    "data": {
        "id": "xyBIspv",
        "deletehash": "MzmerXJ3iMWxM6w",
        "account_id": null,
        "account_url": null,
        "ad_type": null,
        "ad_url": null,
        "title": "1x1 Pixel",
        "description": "This is an 1x1 pixel image.",
        "name": "pixel.gif",
        "type": "image/jpeg",
        "width": 1500,
        "height": 747,
        "size": 142571,
        "views": 0,
        "section": null,
        "vote": null,
        "bandwidth": 0,
        "animated": false,
        "favorite": false,
        "in_gallery": false,
        "in_most_viral": false,
        "has_sound": false,
        "is_ad": false,
        "nsfw": null,
        "link": "https://i.imgur.com/xyBIspv.jpeg",
        "tags": [
            
        ],
        "datetime": 1609164017,
        "mp4": "",
        "hls": ""
    }
}
uploadImagePostAPITest passed!
I am in onTestSuccess method uploadImagePostAPITest succeed
]]></system-out>
  </testcase>
  <testcase name="getUserListApiTest" classname="com.qa.api.gorest.tests.GetUserTest" time="0.253">
    <failure message="expected [201] but found [200]" type="java.lang.AssertionError"><![CDATA[java.lang.AssertionError: expected [201] but found [200]
	at com.qa.api.gorest.tests.GetUserTest.getUserListApiTest(GetUserTest.java:37)
]]></failure>
    <system-out><![CDATA[getUserListApiTest started!
I am in onTestStart method getUserListApiTest start
I am in onTestStart method getUserListApiTest start
Request method:	GET
Request URI:	https://gorest.co.in/public-api/users
Proxy:			<none>
Request params:	<none>
Query params:	<none>
Form params:	<none>
Path params:	<none>
Headers:		Authorization=Bearer 5766180a0a5e260969f49562de5438c84be74a66752f526afeb92257a0176c01
				Accept=*/*
				Content-Type=application/json; charset=UTF-8
Cookies:		<none>
Multiparts:		<none>
Body:			<none>
getUserListApiTest failed!
I am in onTestFailure method getUserListApiTest failed
]]></system-out>
  </testcase>
  <testcase name="getUserWithQueryParamsApiTest" classname="com.qa.api.gorest.tests.GetUserTest" time="0.367">
    <system-out><![CDATA[getUserWithQueryParamsApiTest started!
I am in onTestStart method getUserWithQueryParamsApiTest start
I am in onTestStart method getUserWithQueryParamsApiTest start
Request method:	GET
Request URI:	https://gorest.co.in/public-api/users?gender=Female&name=Shanti%20Dhawan
Proxy:			<none>
Request params:	<none>
Query params:	gender=Female
				name=Shanti Dhawan
Form params:	<none>
Path params:	<none>
Headers:		Authorization=Bearer 5766180a0a5e260969f49562de5438c84be74a66752f526afeb92257a0176c01
				Accept=*/*
				Content-Type=application/json; charset=UTF-8
Cookies:		<none>
Multiparts:		<none>
Body:			<none>
200
{
    "code": 200,
    "meta": {
        "pagination": {
            "total": 0,
            "pages": 0,
            "page": 1,
            "limit": 20
        }
    },
    "data": [
        
    ]
}
{
    "code": 200,
    "meta": {
        "pagination": {
            "total": 0,
            "pages": 0,
            "page": 1,
            "limit": 20
        }
    },
    "data": [
        
    ]
}
getUserWithQueryParamsApiTest passed!
I am in onTestSuccess method getUserWithQueryParamsApiTest succeed
]]></system-out>
  </testcase>
</testsuite>