-------------------------------------------------------------------------------
Test set: TestSuite
-------------------------------------------------------------------------------
Tests run: 14, Failures: 1, Errors: 0, Skipped: 0, Time elapsed: 40.671 s <<< FAILURE! - in TestSuite
com.qa.api.gorest.tests.GetUserTest.getUserListApiTest  Time elapsed: 0.335 s  <<< FAILURE!
java.lang.AssertionError: expected [201] but found [200]
	at com.qa.api.gorest.tests.GetUserTest.getUserListApiTest(GetUserTest.java:37)

